#
# A fatal error has been detected by the Java Runtime Environment:
#
#  SIGSEGV (0xb) at pc=0x00007f20f543a0b5, pid=27424, tid=0x00007f215287f700
#
# JRE version: OpenJDK Runtime Environment (8.0_181-b13) (build 1.8.0_181-8u181-b13-0ubuntu0.18.04.1-b13)
# Java VM: OpenJDK 64-Bit Server VM (25.181-b13 mixed mode linux-amd64 compressed oops)
# Problematic frame:
# C  [libtesseract.so+0x25e0b5]  ERRCODE::error(char const*, TessErrorLogCode, char const*, ...) const+0x1c5
#
# Failed to write core dump. Core dumps have been disabled. To enable core dumping, try "ulimit -c unlimited" before starting Java again
#
# If you would like to submit a bug report, please visit:
#   http://bugreport.java.com/bugreport/crash.jsp
# The crash happened outside the Java Virtual Machine in native code.
# See problematic frame for where to report the bug.
#

---------------  T H R E A D  ---------------

Current thread (0x00007f214c013000):  JavaThread "main" [_thread_in_native, id=27427, stack(0x00007f2152780000,0x00007f2152880000)]

siginfo: si_signo: 11 (SIGSEGV), si_code: 1 (SEGV_MAPERR), si_addr: 0x0000000000000000

Registers:
RAX=0x0000000000000047, RBX=0x00007f215287d409, RCX=0x0000000000000000, RDX=0x00007f215435e8b0
RSP=0x00007f215287d3c0, RBP=0x00007f215287d3e0, RSI=0x0000000000000047, RDI=0x0000000000000000
R8 =0x0000000000000047, R9 =0x00000000ffffffff, R10=0x00007f20f546a6c6, R11=0x0000000000000000
R12=0x0000000000000002, R13=0x00007f20f544a860, R14=0x00007f20f56f2480, R15=0x00007f215287da20
RIP=0x00007f20f543a0b5, EFLAGS=0x0000000000010246, CSGSFS=0x002b000000000033, ERR=0x0000000000000006
  TRAPNO=0x000000000000000e

Top of Stack: (sp=0x00007f215287d3c0)
0x00007f215287d3c0:   000000000000001b 0000003000000030
0x00007f215287d3d0:   00007f215287d8d0 00007f215287d7f0
0x00007f215287d3e0:   28706d6372747321 202c656c61636f6c
0x00007f215287d3f0:   7272453a29224322 72657373413a726f
0x00007f215287d400:   64656c6961662074 656c6966206e693a
0x00007f215287d410:   6970616573616220 696c202c7070632e
0x00007f215287d420:   000a33303220656e 00007f21f6271588
0x00007f215287d430:   00000000e2788fc8 8bdd56c066216600
0x00007f215287d440:   00007f214c013000 00007f214c0131e0
0x00007f215287d450:   00000000e2789000 00000000e2b81430
0x00007f215287d460:   00000000e2788f10 00007f2100000000
0x00007f215287d470:   00000000e2c72b80 00000000e2789000
0x00007f215287d480:   0000000000000000 00000546e0d913ba
0x00007f215287d490:   00007f215287d510 000000014c013570
0x00007f215287d4a0:   00007f21f6271568 0000000000000001
0x00007f215287d4b0:   00007f215287d4f0 0000000000000000
0x00007f215287d4c0:   0000000000000000 00000000e2788f10
0x00007f215287d4d0:   00007f215287d510 00007f21542a19f6
0x00007f215287d4e0:   00007f215287d530 00000000a3a000e0
0x00007f215287d4f0:   00000000f6271548 00000000e2789000
0x00007f215287d500:   00007f215287d530 00007f2153895e7e
0x00007f215287d510:   00000000000016a9 000000003a4dade6
0x00007f215287d520:   00007f213c8146b8 00007f215287d580
0x00007f215287d530:   00007f21535e23a4 00007f213c814708
0x00007f215287d540:   00007f213c8146b8 00007f214c013a90
0x00007f215287d550:   00007f2150235ab0 0000000100002248
0x00007f215287d560:   00007f2150237b00 00007f2150235d80
0x00007f215287d570:   00007f213c8146b8 8bdd56c066216600
0x00007f215287d580:   00007f214c013000 00007f214c013000
0x00007f215287d590:   00000000e1b59930 00007f213d3ba7c4
0x00007f215287d5a0:   00007f215287d640 00007f2153753cb8
0x00007f215287d5b0:   00007f215287d620 00007f2153757a10 

Instructions: (pc=0x00007f20f543a0b5)
0x00007f20f543a095:   c9 ba 02 00 00 00 31 c0 e8 4e fe ff ff eb b1 0f
0x00007f20f543a0a5:   1f 40 00 b8 0a 00 00 00 66 89 03 e9 75 ff ff ff
0x00007f20f543a0b5:   c7 04 25 00 00 00 00 00 00 00 00 0f 0b e8 89 02
0x00007f20f543a0c5:   e2 ff 66 0f 1f 84 00 00 00 00 00 41 54 55 49 89 

Register to memory mapping:

RAX=0x0000000000000047 is an unknown value
RBX=0x00007f215287d409 is pointing into the stack for thread: 0x00007f214c013000
RCX=0x0000000000000000 is an unknown value
RDX=0x00007f215435e8b0: <offset 0x1e68b0> in /lib/x86_64-linux-gnu/libc.so.6 at 0x00007f2154178000
RSP=0x00007f215287d3c0 is pointing into the stack for thread: 0x00007f214c013000
RBP=0x00007f215287d3e0 is pointing into the stack for thread: 0x00007f214c013000
RSI=0x0000000000000047 is an unknown value
RDI=0x0000000000000000 is an unknown value
R8 =0x0000000000000047 is an unknown value
R9 =0x00000000ffffffff is an unallocated location in the heap
R10=0x00007f20f546a6c6: <offset 0x28e6c6> in /usr/lib/x86_64-linux-gnu/libtesseract.so at 0x00007f20f51dc000
R11=0x0000000000000000 is an unknown value
R12=0x0000000000000002 is an unknown value
R13=0x00007f20f544a860: <offset 0x26e860> in /usr/lib/x86_64-linux-gnu/libtesseract.so at 0x00007f20f51dc000
R14=0x00007f20f56f2480: <offset 0x516480> in /usr/lib/x86_64-linux-gnu/libtesseract.so at 0x00007f20f51dc000
R15=0x00007f215287da20 is pointing into the stack for thread: 0x00007f214c013000


Stack: [0x00007f2152780000,0x00007f2152880000],  sp=0x00007f215287d3c0,  free space=1012k
Native frames: (J=compiled Java code, j=interpreted, Vv=VM code, C=native code)
C  [libtesseract.so+0x25e0b5]  ERRCODE::error(char const*, TessErrorLogCode, char const*, ...) const+0x1c5
C  0x202c656c61636f6c

Java frames: (J=compiled Java code, j=interpreted, Vv=VM code)
j  com.sun.jna.Native.invokePointer(Lcom/sun/jna/Function;JI[Ljava/lang/Object;)J+0
j  com.sun.jna.Function.invokePointer(I[Ljava/lang/Object;)Lcom/sun/jna/Pointer;+7
j  com.sun.jna.Function.invoke([Ljava/lang/Object;Ljava/lang/Class;ZI)Ljava/lang/Object;+385
j  com.sun.jna.Function.invoke(Ljava/lang/reflect/Method;[Ljava/lang/Class;Ljava/lang/Class;[Ljava/lang/Object;Ljava/util/Map;)Ljava/lang/Object;+271
j  com.sun.jna.Library$Handler.invoke(Ljava/lang/Object;Ljava/lang/reflect/Method;[Ljava/lang/Object;)Ljava/lang/Object;+344
j  com.sun.proxy.$Proxy0.TessBaseAPICreate()Lnet/sourceforge/tess4j/ITessAPI$TessBaseAPI;+9
j  net.sourceforge.tess4j.Tesseract.init()V+12
j  net.sourceforge.tess4j.Tesseract.doOCR(Ljava/util/List;Ljava/lang/String;Ljava/awt/Rectangle;)Ljava/lang/String;+1
j  net.sourceforge.tess4j.Tesseract.doOCR(Ljava/io/File;Ljava/awt/Rectangle;)Ljava/lang/String;+10
j  net.sourceforge.tess4j.Tesseract.doOCR(Ljava/io/File;)Ljava/lang/String;+3
j  com.ycj.bee.http.HttpHelper.main([Ljava/lang/String;)V+73
v  ~StubRoutines::call_stub

---------------  P R O C E S S  ---------------

Java Threads: ( => current thread )
  0x00007f214c8e9800 JavaThread "process reaper" daemon [_thread_blocked, id=27462, stack(0x00007f212c03c000,0x00007f212c075000)]
  0x00007f214c8b3000 JavaThread "Java2D Disposer" daemon [_thread_blocked, id=27460, stack(0x00007f20f5bb0000,0x00007f20f5cb1000)]
  0x00007f214c80d800 JavaThread "Okio Watchdog" daemon [_thread_blocked, id=27458, stack(0x00007f20f7bfe000,0x00007f20f7cff000)]
  0x00007f214c80c000 JavaThread "OkHttp ConnectionPool" daemon [_thread_blocked, id=27457, stack(0x00007f20f7cff000,0x00007f20f7e00000)]
  0x00007f214c5ff800 JavaThread "Service Thread" daemon [_thread_blocked, id=27451, stack(0x00007f212fa40000,0x00007f212fb41000)]
  0x00007f214c5fb800 JavaThread "C1 CompilerThread2" daemon [_thread_blocked, id=27450, stack(0x00007f212fb42000,0x00007f212fc42000)]
  0x00007f214c5fa000 JavaThread "C2 CompilerThread1" daemon [_thread_in_native_trans, id=27449, stack(0x00007f212fc43000,0x00007f212fd43000)]
  0x00007f214c5f3000 JavaThread "C2 CompilerThread0" daemon [_thread_in_native, id=27448, stack(0x00007f212fd44000,0x00007f212fe44000)]
  0x00007f2114001000 JavaThread "JDWP Command Reader" daemon [_thread_in_native, id=27447, stack(0x00007f21340bc000,0x00007f21341bd000)]
  0x00007f214c196800 JavaThread "JDWP Event Helper Thread" daemon [_thread_blocked, id=27446, stack(0x00007f21341bd000,0x00007f21342be000)]
  0x00007f214c192800 JavaThread "JDWP Transport Listener: dt_socket" daemon [_thread_blocked, id=27443, stack(0x00007f21342be000,0x00007f21343bf000)]
  0x00007f214c185000 JavaThread "Signal Dispatcher" daemon [_thread_blocked, id=27442, stack(0x00007f21345c4000,0x00007f21346c5000)]
  0x00007f214c154000 JavaThread "Finalizer" daemon [_thread_blocked, id=27438, stack(0x00007f21346c5000,0x00007f21347c6000)]
  0x00007f214c14f800 JavaThread "Reference Handler" daemon [_thread_blocked, id=27434, stack(0x00007f21347c6000,0x00007f21348c7000)]
=>0x00007f214c013000 JavaThread "main" [_thread_in_native, id=27427, stack(0x00007f2152780000,0x00007f2152880000)]

Other Threads:
  0x00007f214c147800 VMThread [stack: 0x00007f21348c8000,0x00007f21349c8000] [id=27433]
  0x00007f214c602000 WatcherThread [stack: 0x00007f212f940000,0x00007f212fa40000] [id=27452]

VM state:not at safepoint (normal execution)

VM Mutex/Monitor currently owned by a thread: None

Heap:
 PSYoungGen      total 28160K, used 24190K [0x00000000e1380000, 0x00000000e3280000, 0x0000000100000000)
  eden space 24576K, 83% used [0x00000000e1380000,0x00000000e27a3e68,0x00000000e2b80000)
  from space 3584K, 99% used [0x00000000e2b80000,0x00000000e2efbc20,0x00000000e2f00000)
  to   space 3584K, 0% used [0x00000000e2f00000,0x00000000e2f00000,0x00000000e3280000)
 ParOldGen       total 64512K, used 634K [0x00000000a3a00000, 0x00000000a7900000, 0x00000000e1380000)
  object space 64512K, 0% used [0x00000000a3a00000,0x00000000a3a9e920,0x00000000a7900000)
 Metaspace       used 12689K, capacity 12978K, committed 13312K, reserved 1060864K
  class space    used 1351K, capacity 1461K, committed 1536K, reserved 1048576K

Card table byte_map: [0x00007f2150b7f000,0x00007f2150e63000] byte_map_base: 0x00007f2150662000

Marking Bits: (ParMarkBitMap*) 0x00007f2153f121c0
 Begin Bits: [0x00007f21351d0000, 0x00007f21368e8000)
 End Bits:   [0x00007f21368e8000, 0x00007f2138000000)

Polling page: 0x00007f2154794000

CodeCache: size=245760Kb used=3933Kb max_used=3935Kb free=241826Kb
 bounds [0x00007f213d000000, 0x00007f213d3e0000, 0x00007f214c000000]
 total_blobs=1399 nmethods=1005 adapters=317
 compilation: enabled

Compilation events (10 events):
Event: 3.201 Thread 0x00007f214c5fb800 nmethod 1003 0x00007f213d3d5110 code [0x00007f213d3d5360, 0x00007f213d3d6318]
Event: 3.201 Thread 0x00007f214c5fb800 1004       3       java.lang.Class::forName (15 bytes)
Event: 3.202 Thread 0x00007f214c5fb800 nmethod 1004 0x00007f213d3d4b50 code [0x00007f213d3d4ce0, 0x00007f213d3d4fd8]
Event: 3.202 Thread 0x00007f214c5fb800 1005       3       java.lang.ClassLoader::getClassLoader (11 bytes)
Event: 3.202 Thread 0x00007f214c5fb800 nmethod 1005 0x00007f213d3d4710 code [0x00007f213d3d4880, 0x00007f213d3d4ab0]
Event: 3.202 Thread 0x00007f214c5fb800 1006       3       java.lang.reflect.Method::<init> (68 bytes)
Event: 3.203 Thread 0x00007f214c5fb800 nmethod 1006 0x00007f213d3d4090 code [0x00007f213d3d4200, 0x00007f213d3d4550]
Event: 3.205 Thread 0x00007f214c5fb800 1007       3       java.net.URLStreamHandler::hostsEqual (75 bytes)
Event: 3.205 Thread 0x00007f214c5fb800 nmethod 1007 0x00007f213d3ca310 code [0x00007f213d3ca4e0, 0x00007f213d3cae78]
Event: 3.211 Thread 0x00007f214c5fa000 1008       4       sun.misc.URLClassPath::getResource (83 bytes)

GC Heap History (2 events):
Event: 2.022 GC heap before
{Heap before GC invocations=1 (full 0):
 PSYoungGen      total 28160K, used 24576K [0x00000000e1380000, 0x00000000e3280000, 0x0000000100000000)
  eden space 24576K, 100% used [0x00000000e1380000,0x00000000e2b80000,0x00000000e2b80000)
  from space 3584K, 0% used [0x00000000e2f00000,0x00000000e2f00000,0x00000000e3280000)
  to   space 3584K, 0% used [0x00000000e2b80000,0x00000000e2b80000,0x00000000e2f00000)
 ParOldGen       total 64512K, used 0K [0x00000000a3a00000, 0x00000000a7900000, 0x00000000e1380000)
  object space 64512K, 0% used [0x00000000a3a00000,0x00000000a3a00000,0x00000000a7900000)
 Metaspace       used 7604K, capacity 7722K, committed 7808K, reserved 1056768K
  class space    used 819K, capacity 863K, committed 896K, reserved 1048576K
Event: 2.031 GC heap after
Heap after GC invocations=1 (full 0):
 PSYoungGen      total 28160K, used 3567K [0x00000000e1380000, 0x00000000e3280000, 0x0000000100000000)
  eden space 24576K, 0% used [0x00000000e1380000,0x00000000e1380000,0x00000000e2b80000)
  from space 3584K, 99% used [0x00000000e2b80000,0x00000000e2efbc20,0x00000000e2f00000)
  to   space 3584K, 0% used [0x00000000e2f00000,0x00000000e2f00000,0x00000000e3280000)
 ParOldGen       total 64512K, used 634K [0x00000000a3a00000, 0x00000000a7900000, 0x00000000e1380000)
  object space 64512K, 0% used [0x00000000a3a00000,0x00000000a3a9e920,0x00000000a7900000)
 Metaspace       used 7604K, capacity 7722K, committed 7808K, reserved 1056768K
  class space    used 819K, capacity 863K, committed 896K, reserved 1048576K
}

Deoptimization events (10 events):
Event: 2.267 Thread 0x00007f214c013000 Uncommon trap: reason=unstable_if action=reinterpret pc=0x00007f213d2b28a4 method=java.lang.String.toLowerCase(Ljava/util/Locale;)Ljava/lang/String; @ 226
Event: 2.323 Thread 0x00007f214c013000 Uncommon trap: reason=unstable_if action=reinterpret pc=0x00007f213d2266f4 method=java.lang.CharacterDataLatin1.digit(II)I @ 82
Event: 2.429 Thread 0x00007f214c013000 Uncommon trap: reason=bimorphic action=maybe_recompile pc=0x00007f213d2f1030 method=java.util.regex.Pattern$BmpCharProperty.match(Ljava/util/regex/Matcher;ILjava/lang/CharSequence;)Z @ 31
Event: 2.429 Thread 0x00007f214c013000 Uncommon trap: reason=bimorphic action=maybe_recompile pc=0x00007f213d2f1030 method=java.util.regex.Pattern$BmpCharProperty.match(Ljava/util/regex/Matcher;ILjava/lang/CharSequence;)Z @ 31
Event: 2.429 Thread 0x00007f214c013000 Uncommon trap: reason=class_check action=maybe_recompile pc=0x00007f213d2f0ed0 method=java.util.regex.Pattern$BmpCharProperty.match(Ljava/util/regex/Matcher;ILjava/lang/CharSequence;)Z @ 16
Event: 2.429 Thread 0x00007f214c013000 Uncommon trap: reason=bimorphic action=maybe_recompile pc=0x00007f213d2f1030 method=java.util.regex.Pattern$BmpCharProperty.match(Ljava/util/regex/Matcher;ILjava/lang/CharSequence;)Z @ 31
Event: 2.929 Thread 0x00007f214c013000 Uncommon trap: reason=class_check action=maybe_recompile pc=0x00007f213d2e56a4 method=java.util.regex.Matcher.search(I)Z @ 86
Event: 3.098 Thread 0x00007f214c013000 Uncommon trap: reason=unstable_if action=reinterpret pc=0x00007f213d26d70c method=java.util.HashMap.getNode(ILjava/lang/Object;)Ljava/util/HashMap$Node; @ 62
Event: 3.098 Thread 0x00007f214c013000 Uncommon trap: reason=unstable_if action=reinterpret pc=0x00007f213d2cef38 method=java.util.HashMap.putVal(ILjava/lang/Object;Ljava/lang/Object;ZZ)Ljava/lang/Object; @ 94
Event: 3.099 Thread 0x00007f214c013000 Uncommon trap: reason=unstable_if action=reinterpret pc=0x00007f213d228694 method=java.util.HashMap.getNode(ILjava/lang/Object;)Ljava/util/HashMap$Node; @ 129

Classes redefined (0 events):
No events

Internal exceptions (10 events):
Event: 0.738 Thread 0x00007f214c013000 Exception <a 'java/security/PrivilegedActionException'> (0x00000000e1962c08) thrown at [/build/openjdk-8-8iINie/openjdk-8-8u181-b13/src/hotspot/src/share/vm/prims/jvm.cpp, line 1435]
Event: 0.738 Thread 0x00007f214c013000 Exception <a 'java/security/PrivilegedActionException'> (0x00000000e1962e18) thrown at [/build/openjdk-8-8iINie/openjdk-8-8u181-b13/src/hotspot/src/share/vm/prims/jvm.cpp, line 1435]
Event: 0.739 Thread 0x00007f214c013000 Exception <a 'java/security/PrivilegedActionException'> (0x00000000e1964ea0) thrown at [/build/openjdk-8-8iINie/openjdk-8-8u181-b13/src/hotspot/src/share/vm/prims/jvm.cpp, line 1435]
Event: 0.739 Thread 0x00007f214c013000 Exception <a 'java/security/PrivilegedActionException'> (0x00000000e19650b0) thrown at [/build/openjdk-8-8iINie/openjdk-8-8u181-b13/src/hotspot/src/share/vm/prims/jvm.cpp, line 1435]
Event: 0.739 Thread 0x00007f214c013000 Exception <a 'java/security/PrivilegedActionException'> (0x00000000e1965b88) thrown at [/build/openjdk-8-8iINie/openjdk-8-8u181-b13/src/hotspot/src/share/vm/prims/jvm.cpp, line 1435]
Event: 0.739 Thread 0x00007f214c013000 Exception <a 'java/security/PrivilegedActionException'> (0x00000000e1965d98) thrown at [/build/openjdk-8-8iINie/openjdk-8-8u181-b13/src/hotspot/src/share/vm/prims/jvm.cpp, line 1435]
Event: 1.181 Thread 0x00007f214c013000 Exception <a 'java/io/FileNotFoundException'> (0x00000000e1e54908) thrown at [/build/openjdk-8-8iINie/openjdk-8-8u181-b13/src/hotspot/src/share/vm/prims/jni.cpp, line 709]
Event: 2.711 Thread 0x00007f214c013000 Exception <a 'java/lang/NoSuchFieldError': method resolution failed> (0x00000000e1d79998) thrown at [/build/openjdk-8-8iINie/openjdk-8-8u181-b13/src/hotspot/src/share/vm/prims/methodHandles.cpp, line 1167]
Event: 2.730 Thread 0x00007f214c013000 Exception <a 'java/lang/NoSuchFieldError': method resolution failed> (0x00000000e1d878f8) thrown at [/build/openjdk-8-8iINie/openjdk-8-8u181-b13/src/hotspot/src/share/vm/prims/methodHandles.cpp, line 1167]
Event: 2.796 Thread 0x00007f214c013000 Exception <a 'java/io/FileNotFoundException'> (0x00000000e1e1c8a8) thrown at [/build/openjdk-8-8iINie/openjdk-8-8u181-b13/src/hotspot/src/share/vm/prims/jni.cpp, line 709]

Events (10 events):
Event: 3.211 Thread 0x00007f214c013000 DEOPT PACKING pc=0x00007f213d1a1ef4 sp=0x00007f215287d3e0
Event: 3.211 Thread 0x00007f214c013000 DEOPT UNPACKING pc=0x00007f213d0474c4 sp=0x00007f215287d220 mode 1
Event: 3.212 loading class com/sun/jna/TypeConverter
Event: 3.212 loading class com/sun/jna/TypeConverter done
Event: 3.212 Thread 0x00007f214c013000 DEOPT PACKING pc=0x00007f213d1bbbe1 sp=0x00007f215287b0e0
Event: 3.212 Thread 0x00007f214c013000 DEOPT UNPACKING pc=0x00007f213d0474c4 sp=0x00007f215287ae50 mode 1
Event: 3.212 Thread 0x00007f214c013000 DEOPT PACKING pc=0x00007f213d1a2154 sp=0x00007f215287b160
Event: 3.212 Thread 0x00007f214c013000 DEOPT UNPACKING pc=0x00007f213d0474c4 sp=0x00007f215287afa0 mode 1
Event: 3.212 Thread 0x00007f214c013000 DEOPT PACKING pc=0x00007f213d1a1ef4 sp=0x00007f215287b2f0
Event: 3.212 Thread 0x00007f214c013000 DEOPT UNPACKING pc=0x00007f213d0474c4 sp=0x00007f215287b130 mode 1


Dynamic libraries:
a3a00000-a7900000 rw-p 00000000 00:00 0 
a7900000-e1380000 ---p 00000000 00:00 0 
e1380000-e3280000 rw-p 00000000 00:00 0 
e3280000-100000000 ---p 00000000 00:00 0 
100000000-100180000 rw-p 00000000 00:00 0 
100180000-140000000 ---p 00000000 00:00 0 
5600fc8c9000-5600fc8ca000 r-xp 00000000 08:06 2501734                    /usr/lib/jvm/java-8-openjdk-amd64/jre/bin/java
5600fcac9000-5600fcaca000 r--p 00000000 08:06 2501734                    /usr/lib/jvm/java-8-openjdk-amd64/jre/bin/java
5600fcaca000-5600fcacb000 rw-p 00001000 08:06 2501734                    /usr/lib/jvm/java-8-openjdk-amd64/jre/bin/java
5600fcd52000-5600fcd73000 rw-p 00000000 00:00 0                          [heap]
7f20dc000000-7f20dc021000 rw-p 00000000 00:00 0 
7f20dc021000-7f20e0000000 ---p 00000000 00:00 0 
7f20e3b9c000-7f20e3ba7000 r-xp 00000000 08:06 266791                     /usr/lib/x86_64-linux-gnu/libjbig.so.0
7f20e3ba7000-7f20e3da6000 ---p 0000b000 08:06 266791                     /usr/lib/x86_64-linux-gnu/libjbig.so.0
7f20e3da6000-7f20e3da7000 r--p 0000a000 08:06 266791                     /usr/lib/x86_64-linux-gnu/libjbig.so.0
7f20e3da7000-7f20e3daa000 rw-p 0000b000 08:06 266791                     /usr/lib/x86_64-linux-gnu/libjbig.so.0
7f20e3daa000-7f20e3dfe000 r-xp 00000000 08:06 264494                     /usr/lib/x86_64-linux-gnu/libopenjp2.so.2.3.0
7f20e3dfe000-7f20e3ffe000 ---p 00054000 08:06 264494                     /usr/lib/x86_64-linux-gnu/libopenjp2.so.2.3.0
7f20e3ffe000-7f20e3fff000 r--p 00054000 08:06 264494                     /usr/lib/x86_64-linux-gnu/libopenjp2.so.2.3.0
7f20e3fff000-7f20e4000000 rw-p 00055000 08:06 264494                     /usr/lib/x86_64-linux-gnu/libopenjp2.so.2.3.0
7f20e4000000-7f20e4021000 rw-p 00000000 00:00 0 
7f20e4021000-7f20e8000000 ---p 00000000 00:00 0 
7f20e8000000-7f20e8021000 rw-p 00000000 00:00 0 
7f20e8021000-7f20ec000000 ---p 00000000 00:00 0 
7f20ec000000-7f20ec021000 rw-p 00000000 00:00 0 
7f20ec021000-7f20f0000000 ---p 00000000 00:00 0 
7f20f0000000-7f20f0021000 rw-p 00000000 00:00 0 
7f20f0021000-7f20f4000000 ---p 00000000 00:00 0 
7f20f4008000-7f20f402c000 r-xp 00000000 08:06 922694                     /lib/x86_64-linux-gnu/liblzma.so.5.2.2
7f20f402c000-7f20f422c000 ---p 00024000 08:06 922694                     /lib/x86_64-linux-gnu/liblzma.so.5.2.2
7f20f422c000-7f20f422d000 r--p 00024000 08:06 922694                     /lib/x86_64-linux-gnu/liblzma.so.5.2.2
7f20f422d000-7f20f422e000 rw-p 00025000 08:06 922694                     /lib/x86_64-linux-gnu/liblzma.so.5.2.2
7f20f422e000-7f20f4294000 r-xp 00000000 08:06 264482                     /usr/lib/x86_64-linux-gnu/libwebp.so.6.0.2
7f20f4294000-7f20f4493000 ---p 00066000 08:06 264482                     /usr/lib/x86_64-linux-gnu/libwebp.so.6.0.2
7f20f4493000-7f20f4494000 r--p 00065000 08:06 264482                     /usr/lib/x86_64-linux-gnu/libwebp.so.6.0.2
7f20f4494000-7f20f4495000 rw-p 00066000 08:06 264482                     /usr/lib/x86_64-linux-gnu/libwebp.so.6.0.2
7f20f4495000-7f20f4497000 rw-p 00000000 00:00 0 
7f20f4497000-7f20f450a000 r-xp 00000000 08:06 266792                     /usr/lib/x86_64-linux-gnu/libtiff.so.5.3.0
7f20f450a000-7f20f4709000 ---p 00073000 08:06 266792                     /usr/lib/x86_64-linux-gnu/libtiff.so.5.3.0
7f20f4709000-7f20f470d000 r--p 00072000 08:06 266792                     /usr/lib/x86_64-linux-gnu/libtiff.so.5.3.0
7f20f470d000-7f20f470e000 rw-p 00076000 08:06 266792                     /usr/lib/x86_64-linux-gnu/libtiff.so.5.3.0
7f20f470e000-7f20f4716000 r-xp 00000000 08:06 273052                     /usr/lib/x86_64-linux-gnu/libgif.so.7.0.0
7f20f4716000-7f20f4915000 ---p 00008000 08:06 273052                     /usr/lib/x86_64-linux-gnu/libgif.so.7.0.0
7f20f4915000-7f20f4916000 r--p 00007000 08:06 273052                     /usr/lib/x86_64-linux-gnu/libgif.so.7.0.0
7f20f4916000-7f20f4917000 rw-p 00008000 08:06 273052                     /usr/lib/x86_64-linux-gnu/libgif.so.7.0.0
7f20f4917000-7f20f4948000 r-xp 00000000 08:06 265396                     /usr/lib/x86_64-linux-gnu/libpng16.so.16.34.0
7f20f4948000-7f20f4b47000 ---p 00031000 08:06 265396                     /usr/lib/x86_64-linux-gnu/libpng16.so.16.34.0
7f20f4b47000-7f20f4b48000 r--p 00030000 08:06 265396                     /usr/lib/x86_64-linux-gnu/libpng16.so.16.34.0
7f20f4b48000-7f20f4b49000 rw-p 00031000 08:06 265396                     /usr/lib/x86_64-linux-gnu/libpng16.so.16.34.0
7f20f4b49000-7f20f4b77000 r-xp 00000000 08:06 265147                     /usr/lib/x86_64-linux-gnu/libgomp.so.1.0.0
7f20f4b77000-7f20f4d76000 ---p 0002e000 08:06 265147                     /usr/lib/x86_64-linux-gnu/libgomp.so.1.0.0
7f20f4d76000-7f20f4d77000 r--p 0002d000 08:06 265147                     /usr/lib/x86_64-linux-gnu/libgomp.so.1.0.0
7f20f4d77000-7f20f4d78000 rw-p 0002e000 08:06 265147                     /usr/lib/x86_64-linux-gnu/libgomp.so.1.0.0
7f20f4d78000-7f20f4fd5000 r-xp 00000000 08:06 262697                     /usr/lib/x86_64-linux-gnu/liblept.so.5.0.3
7f20f4fd5000-7f20f51d5000 ---p 0025d000 08:06 262697                     /usr/lib/x86_64-linux-gnu/liblept.so.5.0.3
7f20f51d5000-7f20f51d6000 r--p 0025d000 08:06 262697                     /usr/lib/x86_64-linux-gnu/liblept.so.5.0.3
7f20f51d6000-7f20f51dc000 rw-p 0025e000 08:06 262697                     /usr/lib/x86_64-linux-gnu/liblept.so.5.0.3
7f20f51dc000-7f20f54ee000 r-xp 00000000 08:06 265460                     /usr/lib/x86_64-linux-gnu/libtesseract.so.4.0.0
7f20f54ee000-7f20f56ed000 ---p 00312000 08:06 265460                     /usr/lib/x86_64-linux-gnu/libtesseract.so.4.0.0
7f20f56ed000-7f20f56f2000 r--p 00311000 08:06 265460                     /usr/lib/x86_64-linux-gnu/libtesseract.so.4.0.0
7f20f56f2000-7f20f56f3000 rw-p 00316000 08:06 265460                     /usr/lib/x86_64-linux-gnu/libtesseract.so.4.0.0
7f20f56f3000-7f20f5997000 rw-p 00000000 00:00 0 
7f20f5997000-7f20f59af000 r-xp 00000000 08:06 4195378                    /tmp/jna-119456/jna7693241859106122661.tmp (deleted)
7f20f59af000-7f20f5baf000 ---p 00018000 08:06 4195378                    /tmp/jna-119456/jna7693241859106122661.tmp (deleted)
7f20f5baf000-7f20f5bb0000 rw-p 00018000 08:06 4195378                    /tmp/jna-119456/jna7693241859106122661.tmp (deleted)
7f20f5bb0000-7f20f5bb3000 ---p 00000000 00:00 0 
7f20f5bb3000-7f20f5cb1000 rw-p 00000000 00:00 0 
7f20f5cb1000-7f20f5d18000 r-xp 00000000 08:06 262314                     /usr/lib/x86_64-linux-gnu/libjpeg.so.8.1.2
7f20f5d18000-7f20f5f17000 ---p 00067000 08:06 262314                     /usr/lib/x86_64-linux-gnu/libjpeg.so.8.1.2
7f20f5f17000-7f20f5f18000 r--p 00066000 08:06 262314                     /usr/lib/x86_64-linux-gnu/libjpeg.so.8.1.2
7f20f5f18000-7f20f5f19000 rw-p 00067000 08:06 262314                     /usr/lib/x86_64-linux-gnu/libjpeg.so.8.1.2
7f20f5f19000-7f20f5f23000 r-xp 00000000 08:06 2624225                    /usr/lib/jvm/java-8-openjdk-amd64/jre/lib/amd64/libjavajpeg.so
7f20f5f23000-7f20f6123000 ---p 0000a000 08:06 2624225                    /usr/lib/jvm/java-8-openjdk-amd64/jre/lib/amd64/libjavajpeg.so
7f20f6123000-7f20f6124000 r--p 0000a000 08:06 2624225                    /usr/lib/jvm/java-8-openjdk-amd64/jre/lib/amd64/libjavajpeg.so
7f20f6124000-7f20f6125000 rw-p 0000b000 08:06 2624225                    /usr/lib/jvm/java-8-openjdk-amd64/jre/lib/amd64/libjavajpeg.so
7f20f6125000-7f20f62a5000 rw-p 00000000 00:00 0 
7f20f62a5000-7f20f6325000 ---p 00000000 00:00 0 
7f20f6325000-7f20f6338000 r-xp 00000000 08:06 922297                     /lib/x86_64-linux-gnu/libbsd.so.0.8.7
7f20f6338000-7f20f6537000 ---p 00013000 08:06 922297                     /lib/x86_64-linux-gnu/libbsd.so.0.8.7
7f20f6537000-7f20f6538000 r--p 00012000 08:06 922297                     /lib/x86_64-linux-gnu/libbsd.so.0.8.7
7f20f6538000-7f20f6539000 rw-p 00013000 08:06 922297                     /lib/x86_64-linux-gnu/libbsd.so.0.8.7
7f20f6539000-7f20f653a000 rw-p 00000000 00:00 0 
7f20f653a000-7f20f653f000 r-xp 00000000 08:06 263399                     /usr/lib/x86_64-linux-gnu/libXdmcp.so.6.0.0
7f20f653f000-7f20f673e000 ---p 00005000 08:06 263399                     /usr/lib/x86_64-linux-gnu/libXdmcp.so.6.0.0
7f20f673e000-7f20f673f000 r--p 00004000 08:06 263399                     /usr/lib/x86_64-linux-gnu/libXdmcp.so.6.0.0
7f20f673f000-7f20f6740000 rw-p 00005000 08:06 263399                     /usr/lib/x86_64-linux-gnu/libXdmcp.so.6.0.0
7f20f6740000-7f20f6742000 r-xp 00000000 08:06 271046                     /usr/lib/x86_64-linux-gnu/libXau.so.6.0.0
7f20f6742000-7f20f6942000 ---p 00002000 08:06 271046                     /usr/lib/x86_64-linux-gnu/libXau.so.6.0.0
7f20f6942000-7f20f6943000 r--p 00002000 08:06 271046                     /usr/lib/x86_64-linux-gnu/libXau.so.6.0.0
7f20f6943000-7f20f6944000 rw-p 00003000 08:06 271046                     /usr/lib/x86_64-linux-gnu/libXau.so.6.0.0
7f20f6944000-7f20f696a000 r-xp 00000000 08:06 266800                     /usr/lib/x86_64-linux-gnu/libxcb.so.1.1.0
7f20f696a000-7f20f6b6a000 ---p 00026000 08:06 266800                     /usr/lib/x86_64-linux-gnu/libxcb.so.1.1.0
7f20f6b6a000-7f20f6b6b000 r--p 00026000 08:06 266800                     /usr/lib/x86_64-linux-gnu/libxcb.so.1.1.0
7f20f6b6b000-7f20f6b6c000 rw-p 00027000 08:06 266800                     /usr/lib/x86_64-linux-gnu/libxcb.so.1.1.0
7f20f6b6c000-7f20f6b7b000 r-xp 00000000 08:06 263644                     /usr/lib/x86_64-linux-gnu/libXi.so.6.1.0
7f20f6b7b000-7f20f6d7a000 ---p 0000f000 08:06 263644                     /usr/lib/x86_64-linux-gnu/libXi.so.6.1.0
7f20f6d7a000-7f20f6d7b000 r--p 0000e000 08:06 263644                     /usr/lib/x86_64-linux-gnu/libXi.so.6.1.0
7f20f6d7b000-7f20f6d7c000 rw-p 0000f000 08:06 263644                     /usr/lib/x86_64-linux-gnu/libXi.so.6.1.0
7f20f6d7c000-7f20f6d81000 r-xp 00000000 08:06 267584                     /usr/lib/x86_64-linux-gnu/libXtst.so.6.1.0
7f20f6d81000-7f20f6f80000 ---p 00005000 08:06 267584                     /usr/lib/x86_64-linux-gnu/libXtst.so.6.1.0
7f20f6f80000-7f20f6f81000 r--p 00004000 08:06 267584                     /usr/lib/x86_64-linux-gnu/libXtst.so.6.1.0
7f20f6f81000-7f20f6f82000 rw-p 00005000 08:06 267584                     /usr/lib/x86_64-linux-gnu/libXtst.so.6.1.0
7f20f6f82000-7f20f6f8b000 r-xp 00000000 08:06 267547                     /usr/lib/x86_64-linux-gnu/libXrender.so.1.3.0
7f20f6f8b000-7f20f718a000 ---p 00009000 08:06 267547                     /usr/lib/x86_64-linux-gnu/libXrender.so.1.3.0
7f20f718a000-7f20f718b000 r--p 00008000 08:06 267547                     /usr/lib/x86_64-linux-gnu/libXrender.so.1.3.0
7f20f718b000-7f20f718c000 rw-p 00009000 08:06 267547                     /usr/lib/x86_64-linux-gnu/libXrender.so.1.3.0
7f20f718c000-7f20f72bf000 r-xp 00000000 08:06 262510                     /usr/lib/x86_64-linux-gnu/libX11.so.6.3.0
7f20f72bf000-7f20f74bf000 ---p 00133000 08:06 262510                     /usr/lib/x86_64-linux-gnu/libX11.so.6.3.0
7f20f74bf000-7f20f74c0000 r--p 00133000 08:06 262510                     /usr/lib/x86_64-linux-gnu/libX11.so.6.3.0
7f20f74c0000-7f20f74c4000 rw-p 00134000 08:06 262510                     /usr/lib/x86_64-linux-gnu/libX11.so.6.3.0
7f20f74c4000-7f20f74d5000 r-xp 00000000 08:06 271059                     /usr/lib/x86_64-linux-gnu/libXext.so.6.4.0
7f20f74d5000-7f20f76d4000 ---p 00011000 08:06 271059                     /usr/lib/x86_64-linux-gnu/libXext.so.6.4.0
7f20f76d4000-7f20f76d5000 r--p 00010000 08:06 271059                     /usr/lib/x86_64-linux-gnu/libXext.so.6.4.0
7f20f76d5000-7f20f76d6000 rw-p 00011000 08:06 271059                     /usr/lib/x86_64-linux-gnu/libXext.so.6.4.0
7f20f76d6000-7f20f772a000 r-xp 00000000 08:06 2624214                    /usr/lib/jvm/java-8-openjdk-amd64/jre/lib/amd64/libawt_xawt.so
7f20f772a000-7f20f7929000 ---p 00054000 08:06 2624214                    /usr/lib/jvm/java-8-openjdk-amd64/jre/lib/amd64/libawt_xawt.so
7f20f7929000-7f20f792a000 r--p 00053000 08:06 2624214                    /usr/lib/jvm/java-8-openjdk-amd64/jre/lib/amd64/libawt_xawt.so
7f20f792a000-7f20f792d000 rw-p 00054000 08:06 2624214                    /usr/lib/jvm/java-8-openjdk-amd64/jre/lib/amd64/libawt_xawt.so
7f20f792d000-7f20f792e000 rw-p 00000000 00:00 0 
7f20f792e000-7f20f79ce000 r-xp 00000000 08:06 2624212                    /usr/lib/jvm/java-8-openjdk-amd64/jre/lib/amd64/libawt.so
7f20f79ce000-7f20f7bcd000 ---p 000a0000 08:06 2624212                    /usr/lib/jvm/java-8-openjdk-amd64/jre/lib/amd64/libawt.so
7f20f7bcd000-7f20f7bce000 r--p 0009f000 08:06 2624212                    /usr/lib/jvm/java-8-openjdk-amd64/jre/lib/amd64/libawt.so
7f20f7bce000-7f20f7bd9000 rw-p 000a0000 08:06 2624212                    /usr/lib/jvm/java-8-openjdk-amd64/jre/lib/amd64/libawt.so
7f20f7bd9000-7f20f7bfe000 rw-p 00000000 00:00 0 
7f20f7bfe000-7f20f7c01000 ---p 00000000 00:00 0 
7f20f7c01000-7f20f7cff000 rw-p 00000000 00:00 0 
7f20f7cff000-7f20f7d02000 ---p 00000000 00:00 0 
7f20f7d02000-7f20f8000000 rw-p 00000000 00:00 0 
7f20f8000000-7f20f8328000 rw-p 00000000 00:00 0 
7f20f8328000-7f20fc000000 ---p 00000000 00:00 0 
7f20fc000000-7f20fc021000 rw-p 00000000 00:00 0 
7f20fc021000-7f2100000000 ---p 00000000 00:00 0 
7f2100000000-7f2100289000 rw-p 00000000 00:00 0 
7f2100289000-7f2104000000 ---p 00000000 00:00 0 
7f2104000000-7f21042b0000 rw-p 00000000 00:00 0 
7f21042b0000-7f2108000000 ---p 00000000 00:00 0 
7f2108000000-7f210802d000 rw-p 00000000 00:00 0 
7f210802d000-7f210c000000 ---p 00000000 00:00 0 
7f210c000000-7f210c021000 rw-p 00000000 00:00 0 
7f210c021000-7f2110000000 ---p 00000000 00:00 0 
7f2110000000-7f2110021000 rw-p 00000000 00:00 0 
7f2110021000-7f2114000000 ---p 00000000 00:00 0 
7f2114000000-7f2114021000 rw-p 00000000 00:00 0 
7f2114021000-7f2118000000 ---p 00000000 00:00 0 
7f2118000000-7f2118021000 rw-p 00000000 00:00 0 
7f2118021000-7f211c000000 ---p 00000000 00:00 0 
7f211c000000-7f211c021000 rw-p 00000000 00:00 0 
7f211c021000-7f2120000000 ---p 00000000 00:00 0 
7f2120000000-7f2120021000 rw-p 00000000 00:00 0 
7f2120021000-7f2124000000 ---p 00000000 00:00 0 
7f2124000000-7f2124021000 rw-p 00000000 00:00 0 
7f2124021000-7f2128000000 ---p 00000000 00:00 0 
7f2128000000-7f2128021000 rw-p 00000000 00:00 0 
7f2128021000-7f212c000000 ---p 00000000 00:00 0 
7f212c03c000-7f212c03f000 ---p 00000000 00:00 0 
7f212c03f000-7f212c075000 rw-p 00000000 00:00 0 
7f212c075000-7f212c079000 r--p 00000000 08:06 920897                     /lib/x86_64-linux-gnu/libresolv-2.28.so
7f212c079000-7f212c088000 r-xp 00004000 08:06 920897                     /lib/x86_64-linux-gnu/libresolv-2.28.so
7f212c088000-7f212c08c000 r--p 00013000 08:06 920897                     /lib/x86_64-linux-gnu/libresolv-2.28.so
7f212c08c000-7f212c08d000 r--p 00016000 08:06 920897                     /lib/x86_64-linux-gnu/libresolv-2.28.so
7f212c08d000-7f212c08e000 rw-p 00017000 08:06 920897                     /lib/x86_64-linux-gnu/libresolv-2.28.so
7f212c08e000-7f212c090000 rw-p 00000000 00:00 0 
7f212c090000-7f212c091000 r--p 00000000 08:06 920700                     /lib/x86_64-linux-gnu/libnss_dns-2.28.so
7f212c091000-7f212c095000 r-xp 00001000 08:06 920700                     /lib/x86_64-linux-gnu/libnss_dns-2.28.so
7f212c095000-7f212c096000 r--p 00005000 08:06 920700                     /lib/x86_64-linux-gnu/libnss_dns-2.28.so
7f212c096000-7f212c097000 r--p 00005000 08:06 920700                     /lib/x86_64-linux-gnu/libnss_dns-2.28.so
7f212c097000-7f212c098000 rw-p 00006000 08:06 920700                     /lib/x86_64-linux-gnu/libnss_dns-2.28.so
7f212c098000-7f212c09a000 r-xp 00000000 08:06 923999                     /lib/x86_64-linux-gnu/libnss_mdns4_minimal.so.2
7f212c09a000-7f212c299000 ---p 00002000 08:06 923999                     /lib/x86_64-linux-gnu/libnss_mdns4_minimal.so.2
7f212c299000-7f212c29a000 r--p 00001000 08:06 923999                     /lib/x86_64-linux-gnu/libnss_mdns4_minimal.so.2
7f212c29a000-7f212c29b000 rw-p 00002000 08:06 923999                     /lib/x86_64-linux-gnu/libnss_mdns4_minimal.so.2
7f212c2b3000-7f212c2b8000 r--s 002f9000 08:06 2624243                    /usr/lib/jvm/java-8-openjdk-amd64/jre/lib/charsets.jar
7f212c2b8000-7f212c2e0000 r-xp 00000000 08:06 2624239                    /usr/lib/jvm/java-8-openjdk-amd64/jre/lib/amd64/libsunec.so
7f212c2e0000-7f212c4df000 ---p 00028000 08:06 2624239                    /usr/lib/jvm/java-8-openjdk-amd64/jre/lib/amd64/libsunec.so
7f212c4df000-7f212c4e3000 r--p 00027000 08:06 2624239                    /usr/lib/jvm/java-8-openjdk-amd64/jre/lib/amd64/libsunec.so
7f212c4e3000-7f212c4e4000 rw-p 0002b000 08:06 2624239                    /usr/lib/jvm/java-8-openjdk-amd64/jre/lib/amd64/libsunec.so
7f212c4e4000-7f212f4e5000 rw-p 00000000 00:00 0 
7f212f4e5000-7f212f4fc000 r-xp 00000000 08:06 2624234                    /usr/lib/jvm/java-8-openjdk-amd64/jre/lib/amd64/libnet.so
7f212f4fc000-7f212f6fb000 ---p 00017000 08:06 2624234                    /usr/lib/jvm/java-8-openjdk-amd64/jre/lib/amd64/libnet.so
7f212f6fb000-7f212f6fc000 r--p 00016000 08:06 2624234                    /usr/lib/jvm/java-8-openjdk-amd64/jre/lib/amd64/libnet.so
7f212f6fc000-7f212f6fd000 rw-p 00017000 08:06 2624234                    /usr/lib/jvm/java-8-openjdk-amd64/jre/lib/amd64/libnet.so
7f212f6fd000-7f212f70e000 r-xp 00000000 08:06 2624235                    /usr/lib/jvm/java-8-openjdk-amd64/jre/lib/amd64/libnio.so
7f212f70e000-7f212f90e000 ---p 00011000 08:06 2624235                    /usr/lib/jvm/java-8-openjdk-amd64/jre/lib/amd64/libnio.so
7f212f90e000-7f212f90f000 r--p 00011000 08:06 2624235                    /usr/lib/jvm/java-8-openjdk-amd64/jre/lib/amd64/libnio.so
7f212f90f000-7f212f910000 rw-p 00012000 08:06 2624235                    /usr/lib/jvm/java-8-openjdk-amd64/jre/lib/amd64/libnio.so
7f212f910000-7f212f912000 r--s 00016000 08:06 2624248                    /usr/lib/jvm/java-8-openjdk-amd64/jre/lib/jce.jar
7f212f912000-7f212f917000 r--s 0009d000 08:06 2624250                    /usr/lib/jvm/java-8-openjdk-amd64/jre/lib/jsse.jar
7f212f917000-7f212f91e000 r--s 00000000 08:06 527244                     /usr/lib/x86_64-linux-gnu/gconv/gconv-modules.cache
7f212f91e000-7f212f93f000 r--p 00000000 08:06 924070                     /usr/share/locale-langpack/zh_CN/LC_MESSAGES/libc.mo
7f212f93f000-7f212f940000 ---p 00000000 00:00 0 
7f212f940000-7f212fa40000 rw-p 00000000 00:00 0 
7f212fa40000-7f212fa43000 ---p 00000000 00:00 0 
7f212fa43000-7f212fb41000 rw-p 00000000 00:00 0 
7f212fb41000-7f212fb42000 ---p 00000000 00:00 0 
7f212fb42000-7f212fb45000 ---p 00000000 00:00 0 
7f212fb45000-7f212fc42000 rw-p 00000000 00:00 0 
7f212fc42000-7f212fc43000 ---p 00000000 00:00 0 
7f212fc43000-7f212fc46000 ---p 00000000 00:00 0 
7f212fc46000-7f212fd43000 rw-p 00000000 00:00 0 
7f212fd43000-7f212fd44000 ---p 00000000 00:00 0 
7f212fd44000-7f212fd47000 ---p 00000000 00:00 0 
7f212fd47000-7f212fe44000 rw-p 00000000 00:00 0 
7f212fe44000-7f212fe4b000 r--s 00064000 08:06 2625502                    /home/ycj/文档/idea-IU-182.3684.101/lib/rt/debugger-agent.jar
7f212fe4b000-7f212fe4d000 r--s 0001a000 08:06 2497477                    /home/ycj/文档/idea-IU-182.3684.101/lib/idea_rt.jar
7f212fe4d000-7f212fe54000 r--s 00087000 08:06 4194772                    /home/ycj/.m2/repository/com/alibaba/fastjson/1.2.51/fastjson-1.2.51.jar
7f212fe54000-7f212fe56000 r--s 00004000 08:06 4194731                    /home/ycj/.m2/repository/org/slf4j/log4j-over-slf4j/1.7.25/log4j-over-slf4j-1.7.25.jar
7f212fe56000-7f212fe58000 r--s 00003000 08:06 4068470                    /home/ycj/.m2/repository/org/slf4j/jcl-over-slf4j/1.7.25/jcl-over-slf4j-1.7.25.jar
7f212fe58000-7f212fe5a000 r--s 00000000 08:06 3410042                    /home/ycj/.m2/repository/org/slf4j/jul-to-slf4j/1.7.25/jul-to-slf4j-1.7.25.jar
7f212fe5a000-7f212fe65000 r--s 00069000 08:06 3410034                    /home/ycj/.m2/repository/ch/qos/logback/logback-core/1.2.3/logback-core-1.2.3.jar
7f212fe65000-7f212fe6b000 r--s 00041000 08:06 3410032                    /home/ycj/.m2/repository/ch/qos/logback/logback-classic/1.2.3/logback-classic-1.2.3.jar
7f212fe6b000-7f212fe6f000 r--s 00020000 08:06 4195372                    /home/ycj/.m2/repository/org/jboss/jboss-vfs/3.2.12.Final/jboss-vfs-3.2.12.Final.jar
7f212fe6f000-7f212fe75000 r--s 00315000 08:06 4195363                    /home/ycj/.m2/repository/net/sourceforge/lept4j/lept4j/1.6.4/lept4j-1.6.4.jar
7f212fe75000-7f212fe79000 r--s 00022000 08:06 3409604                    /home/ycj/.m2/repository/org/apache/pdfbox/jbig2-imageio/3.0.0/jbig2-imageio-3.0.0.jar
7f212fe79000-7f212fe7e000 r--s 00036000 08:06 3409609                    /home/ycj/.m2/repository/org/apache/pdfbox/pdfbox-debugger/2.0.9/pdfbox-debugger-2.0.9.jar
7f212fe7e000-7f212fe80000 r--s 00010000 08:06 3409605                    /home/ycj/.m2/repository/org/apache/pdfbox/pdfbox-tools/2.0.9/pdfbox-tools-2.0.9.jar
7f212fe80000-7f212fe82000 r--s 0000e000 08:06 4194727                    /home/ycj/.m2/repository/commons-logging/commons-logging/1.2/commons-logging-1.2.jar
7f212fe82000-7f212fe89000 r--s 00175000 08:06 3409603                    /home/ycj/.m2/repository/org/apache/pdfbox/fontbox/2.0.9/fontbox-2.0.9.jar
7f212fe89000-7f212fe9f000 r--s 00250000 08:06 3409613                    /home/ycj/.m2/repository/org/apache/pdfbox/pdfbox/2.0.9/pdfbox-2.0.9.jar
7f212fe9f000-7f212feab000 r--s 00108000 08:06 4194723                    /home/ycj/.m2/repository/com/lowagie/itext/2.1.7/itext-2.1.7.jar
7f212feab000-7f212feb5000 r--s 00081000 08:06 2889305                    /home/ycj/.m2/repository/org/apache/xmlgraphics/xmlgraphics-commons/1.4/xmlgraphics-commons-1.4.jar
7f212feb5000-7f212fec3000 r--s 0007f000 08:06 4068443                    /home/ycj/.m2/repository/commons-collections/commons-collections/3.2.1/commons-collections-3.2.1.jar
7f212fec3000-7f212fec8000 r--s 00035000 08:06 4194719                    /home/ycj/.m2/repository/commons-beanutils/commons-beanutils/1.9.2/commons-beanutils-1.9.2.jar
7f212fec8000-7f212fed1000 r--s 0006f000 08:06 4194717                    /home/ycj/.m2/repository/log4j/log4j/1.2.17/log4j-1.2.17.jar
7f212fed1000-7f212fed6000 r--s 00028000 08:06 4194715                    /home/ycj/.m2/repository/org/ghost4j/ghost4j/1.0.1/ghost4j-1.0.1.jar
7f212fed6000-7f212fee1000 r--s 0008f000 08:06 4194713                    /home/ycj/.m2/repository/com/github/jai-imageio/jai-imageio-core/1.4.0/jai-imageio-core-1.4.0.jar
7f212fee1000-7f212fee5000 r--s 00167000 08:06 4194729                    /home/ycj/.m2/repository/net/java/dev/jna/jna/4.5.2/jna-4.5.2.jar
7f212fee5000-7f212fee8000 r--s 00f5a000 08:06 4195352                    /home/ycj/.m2/repository/net/sourceforge/tess4j/tess4j/3.4.8/tess4j-3.4.8.jar
7f212fee8000-7f212fef0000 r--s 00073000 08:06 1726122                    /home/ycj/.m2/repository/org/apache/commons/commons-lang3/3.8.1/commons-lang3-3.8.1.jar
7f212fef0000-7f212fef1000 r--s 00000000 08:06 4194641                    /home/ycj/.m2/repository/org/codehaus/mojo/animal-sniffer-annotations/1.14/animal-sniffer-annotations-1.14.jar
7f212fef1000-7f212fef3000 r--s 00001000 08:06 4194638                    /home/ycj/.m2/repository/com/google/j2objc/j2objc-annotations/1.1/j2objc-annotations-1.1.jar
7f212fef3000-7f212fef5000 r--s 00002000 08:06 4194634                    /home/ycj/.m2/repository/com/google/errorprone/error_prone_annotations/2.1.3/error_prone_annotations-2.1.3.jar
7f212fef5000-7f212feff000 r--s 00026000 08:06 4194636                    /home/ycj/.m2/repository/org/checkerframework/checker-qual/2.5.2/checker-qual-2.5.2.jar
7f212feff000-7f212ff01000 r--s 00003000 08:06 4194632                    /home/ycj/.m2/repository/com/google/code/findbugs/jsr305/3.0.2/jsr305-3.0.2.jar
7f212ff01000-7f212ff33000 r--s 0026c000 08:06 4194630                    /home/ycj/.m2/repository/com/google/guava/guava/26.0-jre/guava-26.0-jre.jar
7f212ff33000-7f212ff37000 r--s 00031000 08:06 4194573                    /home/ycj/.m2/repository/commons-io/commons-io/2.6/commons-io-2.6.jar
7f212ff37000-7f212ff3e000 r--s 00047000 08:06 4067524                    /home/ycj/.m2/repository/io/netty/netty-codec/4.1.29.Final/netty-codec-4.1.29.Final.jar
7f212ff3e000-7f212ff46000 r--s 00059000 08:06 4067514                    /home/ycj/.m2/repository/io/netty/netty-handler/4.1.29.Final/netty-handler-4.1.29.Final.jar
7f212ff46000-7f212ff47000 r--s 00007000 08:06 4067537                    /home/ycj/.m2/repository/io/netty/netty-resolver/4.1.29.Final/netty-resolver-4.1.29.Final.jar
7f212ff47000-7f212ff4b000 r--s 0003f000 08:06 4067557                    /home/ycj/.m2/repository/io/netty/netty-buffer/4.1.29.Final/netty-buffer-4.1.29.Final.jar
7f212ff4b000-7f212ff54000 r--s 00068000 08:06 4067516                    /home/ycj/.m2/repository/io/netty/netty-transport/4.1.29.Final/netty-transport-4.1.29.Final.jar
7f212ff54000-7f212ff61000 r--s 00081000 08:06 4067545                    /home/ycj/.m2/repository/io/netty/netty-common/4.1.29.Final/netty-common-4.1.29.Final.jar
7f212ff61000-7f212ff62000 r--s 00000000 08:06 4067512                    /home/ycj/.m2/repository/org/reactivestreams/reactive-streams/1.0.2/reactive-streams-1.0.2.jar
7f212ff62000-7f212ff76000 r--s 00136000 08:06 3939332                    /home/ycj/.m2/repository/io/projectreactor/reactor-core/3.1.10.RELEASE/reactor-core-3.1.10.RELEASE.jar
7f212ff76000-7f212ff90000 r--s 0012e000 08:06 1979876                    /home/ycj/.m2/repository/io/lettuce/lettuce-core/5.1.1.RELEASE/lettuce-core-5.1.1.RELEASE.jar
7f212ff90000-7f212ff95000 r--s 00060000 08:06 4066848                    /home/ycj/.m2/repository/com/squareup/okhttp3/okhttp/3.11.0/okhttp-3.11.0.jar
7f212ff95000-7f212ffad000 r--s 00115000 08:06 1725829                    /home/ycj/.m2/repository/org/springframework/spring-core/5.0.10.RELEASE/spring-core-5.0.10.RELEASE.jar
7f212ffad000-7f212ffc4000 r--s 00173000 08:06 3409425                    /home/ycj/.m2/repository/org/projectlombok/lombok/1.16.22/lombok-1.16.22.jar
7f212ffc4000-7f212ffe5000 r--s 000ff000 08:06 3409448                    /home/ycj/.m2/repository/org/springframework/boot/spring-boot-autoconfigure/2.0.6.RELEASE/spring-boot-autoconfigure-2.0.6.RELEASE.jar
7f212ffe5000-7f212fffa000 r--s 000d1000 08:06 1705328                    /home/ycj/.m2/repository/org/springframework/boot/spring-boot/2.0.6.RELEASE/spring-boot-2.0.6.RELEASE.jar
7f212fffa000-7f2130000000 r--s 0002d000 08:06 3409435                    /home/ycj/.m2/repository/org/springframework/boot/spring-boot-devtools/2.0.6.RELEASE/spring-boot-devtools-2.0.6.RELEASE.jar
7f2130000000-7f2130021000 rw-p 00000000 00:00 0 
7f2130021000-7f2134000000 ---p 00000000 00:00 0 
7f2134000000-7f2134002000 r--s 00004000 08:06 1705312                    /home/ycj/.m2/repository/org/springframework/spring-jcl/5.0.10.RELEASE/spring-jcl-5.0.10.RELEASE.jar
7f2134002000-7f2134004000 r--s 00009000 08:06 3409447                    /home/ycj/.m2/repository/org/slf4j/slf4j-api/1.7.25/slf4j-api-1.7.25.jar
7f2134004000-7f2134009000 r--s 00040000 08:06 3409433                    /home/ycj/.m2/repository/org/springframework/spring-expression/5.0.10.RELEASE/spring-expression-5.0.10.RELEASE.jar
7f2134009000-7f2134023000 r--s 000f1000 08:06 1725831                    /home/ycj/.m2/repository/org/springframework/spring-context/5.0.10.RELEASE/spring-context-5.0.10.RELEASE.jar
7f2134023000-7f213402c000 r--s 00051000 08:06 1709481                    /home/ycj/.m2/repository/org/springframework/spring-aop/5.0.10.RELEASE/spring-aop-5.0.10.RELEASE.jar
7f213402c000-7f213403b000 r--s 000b3000 08:06 3409429                    /home/ycj/.m2/repository/org/springframework/spring-webmvc/5.0.10.RELEASE/spring-webmvc-5.0.10.RELEASE.jar
7f213403b000-7f2134048000 r--s 00095000 08:06 3409427                    /home/ycj/.m2/repository/org/springframework/spring-beans/5.0.10.RELEASE/spring-beans-5.0.10.RELEASE.jar
7f2134048000-7f2134062000 r--s 0011b000 08:06 3409428                    /home/ycj/.m2/repository/org/springframework/spring-web/5.0.10.RELEASE/spring-web-5.0.10.RELEASE.jar
7f2134062000-7f2134064000 r--s 0000e000 08:06 1708750                    /home/ycj/.m2/repository/com/fasterxml/classmate/1.3.4/classmate-1.3.4.jar
7f2134064000-7f2134066000 r--s 0000f000 08:06 3409423                    /home/ycj/.m2/repository/org/jboss/logging/jboss-logging/3.3.2.Final/jboss-logging-3.3.2.Final.jar
7f2134066000-7f213406b000 r--s 00012000 08:06 3409421                    /home/ycj/.m2/repository/javax/validation/validation-api/2.0.1.Final/validation-api-2.0.1.Final.jar
7f213406b000-7f2134088000 r--s 000fe000 08:06 3409419                    /home/ycj/.m2/repository/org/hibernate/validator/hibernate-validator/6.0.13.Final/hibernate-validator-6.0.13.Final.jar
7f2134088000-7f213408d000 r--s 0003a000 08:06 3409417                    /home/ycj/.m2/repository/org/apache/tomcat/embed/tomcat-embed-websocket/8.5.34/tomcat-embed-websocket-8.5.34.jar
7f213408d000-7f2134092000 r--s 00038000 08:06 3409415                    /home/ycj/.m2/repository/org/apache/tomcat/embed/tomcat-embed-el/8.5.34/tomcat-embed-el-8.5.34.jar
7f2134092000-7f21340bc000 r--s 002d5000 08:06 3410046                    /home/ycj/.m2/repository/org/apache/tomcat/embed/tomcat-embed-core/8.5.34/tomcat-embed-core-8.5.34.jar
7f21340bc000-7f21340bf000 ---p 00000000 00:00 0 
7f21340bf000-7f21341bd000 rw-p 00000000 00:00 0 
7f21341bd000-7f21341c0000 ---p 00000000 00:00 0 
7f21341c0000-7f21342be000 rw-p 00000000 00:00 0 
7f21342be000-7f21342c1000 ---p 00000000 00:00 0 
7f21342c1000-7f21343bf000 rw-p 00000000 00:00 0 
7f21343bf000-7f21343c3000 r-xp 00000000 08:06 2624215                    /usr/lib/jvm/java-8-openjdk-amd64/jre/lib/amd64/libdt_socket.so
7f21343c3000-7f21345c2000 ---p 00004000 08:06 2624215                    /usr/lib/jvm/java-8-openjdk-amd64/jre/lib/amd64/libdt_socket.so
7f21345c2000-7f21345c3000 r--p 00003000 08:06 2624215                    /usr/lib/jvm/java-8-openjdk-amd64/jre/lib/amd64/libdt_socket.so
7f21345c3000-7f21345c4000 rw-p 00004000 08:06 2624215                    /usr/lib/jvm/java-8-openjdk-amd64/jre/lib/amd64/libdt_socket.so
7f21345c4000-7f21345c7000 ---p 00000000 00:00 0 
7f21345c7000-7f21346c5000 rw-p 00000000 00:00 0 
7f21346c5000-7f21346c8000 ---p 00000000 00:00 0 
7f21346c8000-7f21347c6000 rw-p 00000000 00:00 0 
7f21347c6000-7f21347c9000 ---p 00000000 00:00 0 
7f21347c9000-7f21348c7000 rw-p 00000000 00:00 0 
7f21348c7000-7f21348c8000 ---p 00000000 00:00 0 
7f21348c8000-7f2138000000 rw-p 00000000 00:00 0 
7f2138000000-7f2138021000 rw-p 00000000 00:00 0 
7f2138021000-7f213c000000 ---p 00000000 00:00 0 
7f213c000000-7f213c001000 r--s 00014000 08:06 4066850                    /home/ycj/.m2/repository/com/squareup/okio/okio/1.14.0/okio-1.14.0.jar
7f213c001000-7f213c002000 r--s 00000000 08:06 3410054                    /home/ycj/.m2/repository/org/springframework/boot/spring-boot-starter-tomcat/2.0.6.RELEASE/spring-boot-starter-tomcat-2.0.6.RELEASE.jar
7f213c002000-7f213c004000 r--s 00001000 08:06 3410060                    /home/ycj/.m2/repository/com/fasterxml/jackson/module/jackson-module-parameter-names/2.9.7/jackson-module-parameter-names-2.9.7.jar
7f213c004000-7f213c007000 r--s 00016000 08:06 3410056                    /home/ycj/.m2/repository/com/fasterxml/jackson/datatype/jackson-datatype-jsr310/2.9.7/jackson-datatype-jsr310-2.9.7.jar
7f213c007000-7f213c009000 r--s 00007000 08:06 3410058                    /home/ycj/.m2/repository/com/fasterxml/jackson/datatype/jackson-datatype-jdk8/2.9.7/jackson-datatype-jdk8-2.9.7.jar
7f213c009000-7f213c00d000 r--s 0004c000 08:06 3410064                    /home/ycj/.m2/repository/com/fasterxml/jackson/core/jackson-core/2.9.7/jackson-core-2.9.7.jar
7f213c00d000-7f213c010000 r--s 0000e000 08:06 3410062                    /home/ycj/.m2/repository/com/fasterxml/jackson/core/jackson-annotations/2.9.0/jackson-annotations-2.9.0.jar
7f213c010000-7f213c023000 r--s 00137000 08:06 3410040                    /home/ycj/.m2/repository/com/fasterxml/jackson/core/jackson-databind/2.9.7/jackson-databind-2.9.7.jar
7f213c023000-7f213c024000 r--s 00000000 08:06 3410050                    /home/ycj/.m2/repository/org/springframework/boot/spring-boot-starter-json/2.0.6.RELEASE/spring-boot-starter-json-2.0.6.RELEASE.jar
7f213c024000-7f213c02b000 r--s 00042000 08:06 3410048                    /home/ycj/.m2/repository/org/yaml/snakeyaml/1.19/snakeyaml-1.19.jar
7f213c02b000-7f213c631000 rw-p 00000000 00:00 0 
7f213c631000-7f213c800000 r--s 03c32000 08:06 2624255                    /usr/lib/jvm/java-8-openjdk-amd64/jre/lib/rt.jar
7f213c800000-7f213d000000 rw-p 00000000 00:00 0 
7f213d000000-7f213d3e0000 rwxp 00000000 00:00 0 
7f213d3e0000-7f214c000000 ---p 00000000 00:00 0 
7f214c000000-7f214cb69000 rw-p 00000000 00:00 0 
7f214cb69000-7f2150000000 ---p 00000000 00:00 0 
7f2150000000-7f2150002000 r--s 00005000 08:06 3411772                    /home/ycj/.m2/repository/javax/annotation/javax.annotation-api/1.3.2/javax.annotation-api-1.3.2.jar
7f2150002000-7f2150008000 r--s 00039000 08:06 3410036                    /home/ycj/.m2/repository/org/apache/logging/log4j/log4j-api/2.10.0/log4j-api-2.10.0.jar
7f2150008000-7f215000a000 r--s 00003000 08:06 3410038                    /home/ycj/.m2/repository/org/apache/logging/log4j/log4j-to-slf4j/2.10.0/log4j-to-slf4j-2.10.0.jar
7f215000a000-7f215000b000 r--s 00000000 08:06 3410028                    /home/ycj/.m2/repository/org/springframework/boot/spring-boot-starter-logging/2.0.6.RELEASE/spring-boot-starter-logging-2.0.6.RELEASE.jar
7f215000b000-7f215000c000 r--s 00000000 08:06 1711568                    /home/ycj/.m2/repository/org/springframework/boot/spring-boot-starter/2.0.6.RELEASE/spring-boot-starter-2.0.6.RELEASE.jar
7f215000c000-7f215000d000 r--s 00000000 08:06 1705226                    /home/ycj/.m2/repository/org/springframework/boot/spring-boot-starter-web/2.0.6.RELEASE/spring-boot-starter-web-2.0.6.RELEASE.jar
7f215000d000-7f2150020000 r--s 00346000 08:06 2624254                    /usr/lib/jvm/java-8-openjdk-amd64/jre/lib/resources.jar
7f2150020000-7f2150025000 r--s 0009d000 08:06 2624250                    /usr/lib/jvm/java-8-openjdk-amd64/jre/lib/jsse.jar
7f2150025000-7f2150027000 r--s 00016000 08:06 2624248                    /usr/lib/jvm/java-8-openjdk-amd64/jre/lib/jce.jar
7f2150027000-7f2150029000 r--s 00007000 08:06 657932                     /usr/share/java/java-atk-wrapper.jar
7f2150029000-7f215002e000 r--s 002f9000 08:06 2624243                    /usr/lib/jvm/java-8-openjdk-amd64/jre/lib/charsets.jar
7f215002e000-7f2150034000 r--s 0003b000 08:06 2761133                    /usr/lib/jvm/java-8-openjdk-amd64/jre/lib/ext/sunjce_provider.jar
7f2150034000-7f215004f000 r--s 001d6000 08:06 2761131                    /usr/lib/jvm/java-8-openjdk-amd64/jre/lib/ext/nashorn.jar
7f215004f000-7f2150051000 r--s 00008000 08:06 2761132                    /usr/lib/jvm/java-8-openjdk-amd64/jre/lib/ext/sunec.jar
7f2150051000-7f2150053000 r--s 00001000 08:06 2761127                    /usr/lib/jvm/java-8-openjdk-amd64/jre/lib/ext/dnsns.jar
7f2150053000-7f215006e000 r--s 00394000 08:06 2761126                    /usr/lib/jvm/java-8-openjdk-amd64/jre/lib/ext/cldrdata.jar
7f215006e000-7f215058e000 rw-p 00000000 00:00 0 
7f215058e000-7f215058f000 ---p 00000000 00:00 0 
7f215058f000-7f215068f000 rw-p 00000000 00:00 0 
7f215068f000-7f2150690000 ---p 00000000 00:00 0 
7f2150690000-7f2150790000 rw-p 00000000 00:00 0 
7f2150790000-7f2150791000 ---p 00000000 00:00 0 
7f2150791000-7f2150891000 rw-p 00000000 00:00 0 
7f2150891000-7f2150892000 ---p 00000000 00:00 0 
7f2150892000-7f21509b2000 rw-p 00000000 00:00 0 
7f21509b2000-7f2150b7f000 ---p 00000000 00:00 0 
7f2150b7f000-7f2150b9f000 rw-p 00000000 00:00 0 
7f2150b9f000-7f2150d6b000 ---p 00000000 00:00 0 
7f2150d6b000-7f2150d7c000 rw-p 00000000 00:00 0 
7f2150d7c000-7f2150e62000 ---p 00000000 00:00 0 
7f2150e62000-7f2150e73000 rw-p 00000000 00:00 0 
7f2150e73000-7f2151223000 ---p 00000000 00:00 0 
7f2151223000-7f215122b000 r-xp 00000000 08:06 2624242                    /usr/lib/jvm/java-8-openjdk-amd64/jre/lib/amd64/libzip.so
7f215122b000-7f215142a000 ---p 00008000 08:06 2624242                    /usr/lib/jvm/java-8-openjdk-amd64/jre/lib/amd64/libzip.so
7f215142a000-7f215142b000 r--p 00007000 08:06 2624242                    /usr/lib/jvm/java-8-openjdk-amd64/jre/lib/amd64/libzip.so
7f215142b000-7f215142c000 rw-p 00008000 08:06 2624242                    /usr/lib/jvm/java-8-openjdk-amd64/jre/lib/amd64/libzip.so
7f215142c000-7f215142f000 r--p 00000000 08:06 920742                     /lib/x86_64-linux-gnu/libnss_files-2.28.so
7f215142f000-7f2151436000 r-xp 00003000 08:06 920742                     /lib/x86_64-linux-gnu/libnss_files-2.28.so
7f2151436000-7f2151439000 r--p 0000a000 08:06 920742                     /lib/x86_64-linux-gnu/libnss_files-2.28.so
7f2151439000-7f215143a000 r--p 0000c000 08:06 920742                     /lib/x86_64-linux-gnu/libnss_files-2.28.so
7f215143a000-7f215143b000 rw-p 0000d000 08:06 920742                     /lib/x86_64-linux-gnu/libnss_files-2.28.so
7f215143b000-7f2151441000 rw-p 00000000 00:00 0 
7f2151441000-7f2151445000 r--p 00000000 08:06 920636                     /lib/x86_64-linux-gnu/libnsl-2.28.so
7f2151445000-7f2151453000 r-xp 00004000 08:06 920636                     /lib/x86_64-linux-gnu/libnsl-2.28.so
7f2151453000-7f2151458000 r--p 00012000 08:06 920636                     /lib/x86_64-linux-gnu/libnsl-2.28.so
7f2151458000-7f2151459000 r--p 00016000 08:06 920636                     /lib/x86_64-linux-gnu/libnsl-2.28.so
7f2151459000-7f215145a000 rw-p 00017000 08:06 920636                     /lib/x86_64-linux-gnu/libnsl-2.28.so
7f215145a000-7f215145c000 rw-p 00000000 00:00 0 
7f215145c000-7f215145d000 r--s 00000000 08:06 2624252                    /usr/lib/jvm/java-8-openjdk-amd64/jre/lib/management-agent.jar
7f215145d000-7f215145f000 r--s 00007000 08:06 657932                     /usr/share/java/java-atk-wrapper.jar
7f215145f000-7f2151462000 r--s 0000f000 08:06 2761128                    /usr/lib/jvm/java-8-openjdk-amd64/jre/lib/ext/icedtea-sound.jar
7f2151462000-7f2151465000 r--s 00038000 08:06 2761134                    /usr/lib/jvm/java-8-openjdk-amd64/jre/lib/ext/sunpkcs11.jar
7f2151465000-7f2151466000 r--s 00010000 08:06 2761135                    /usr/lib/jvm/java-8-openjdk-amd64/jre/lib/ext/zipfs.jar
7f2151466000-7f2151470000 r--s 00116000 08:06 2761130                    /usr/lib/jvm/java-8-openjdk-amd64/jre/lib/ext/localedata.jar
7f2151470000-7f2151471000 r--s 0000a000 08:06 2761129                    /usr/lib/jvm/java-8-openjdk-amd64/jre/lib/ext/jaccess.jar
7f2151471000-7f2151479000 rw-s 00000000 08:06 1714317                    /tmp/hsperfdata_ycj/27424
7f2151479000-7f2151483000 r-xp 00000000 08:06 2624218                    /usr/lib/jvm/java-8-openjdk-amd64/jre/lib/amd64/libinstrument.so
7f2151483000-7f2151682000 ---p 0000a000 08:06 2624218                    /usr/lib/jvm/java-8-openjdk-amd64/jre/lib/amd64/libinstrument.so
7f2151682000-7f2151683000 r--p 00009000 08:06 2624218                    /usr/lib/jvm/java-8-openjdk-amd64/jre/lib/amd64/libinstrument.so
7f2151683000-7f2151684000 rw-p 0000a000 08:06 2624218                    /usr/lib/jvm/java-8-openjdk-amd64/jre/lib/amd64/libinstrument.so
7f2151684000-7f2151ef3000 r--p 00000000 08:06 263995                     /usr/lib/locale/locale-archive
7f2151ef3000-7f2151ef5000 r-xp 00000000 08:06 2624236                    /usr/lib/jvm/java-8-openjdk-amd64/jre/lib/amd64/libnpt.so
7f2151ef5000-7f21520f5000 ---p 00002000 08:06 2624236                    /usr/lib/jvm/java-8-openjdk-amd64/jre/lib/amd64/libnpt.so
7f21520f5000-7f21520f6000 r--p 00002000 08:06 2624236                    /usr/lib/jvm/java-8-openjdk-amd64/jre/lib/amd64/libnpt.so
7f21520f6000-7f21520f7000 rw-p 00003000 08:06 2624236                    /usr/lib/jvm/java-8-openjdk-amd64/jre/lib/amd64/libnpt.so
7f21520f7000-7f2152132000 r-xp 00000000 08:06 2624228                    /usr/lib/jvm/java-8-openjdk-amd64/jre/lib/amd64/libjdwp.so
7f2152132000-7f2152331000 ---p 0003b000 08:06 2624228                    /usr/lib/jvm/java-8-openjdk-amd64/jre/lib/amd64/libjdwp.so
7f2152331000-7f2152332000 r--p 0003a000 08:06 2624228                    /usr/lib/jvm/java-8-openjdk-amd64/jre/lib/amd64/libjdwp.so
7f2152332000-7f2152333000 rw-p 0003b000 08:06 2624228                    /usr/lib/jvm/java-8-openjdk-amd64/jre/lib/amd64/libjdwp.so
7f2152333000-7f2152361000 r-xp 00000000 08:06 2624223                    /usr/lib/jvm/java-8-openjdk-amd64/jre/lib/amd64/libjava.so
7f2152361000-7f2152560000 ---p 0002e000 08:06 2624223                    /usr/lib/jvm/java-8-openjdk-amd64/jre/lib/amd64/libjava.so
7f2152560000-7f2152561000 r--p 0002d000 08:06 2624223                    /usr/lib/jvm/java-8-openjdk-amd64/jre/lib/amd64/libjava.so
7f2152561000-7f2152563000 rw-p 0002e000 08:06 2624223                    /usr/lib/jvm/java-8-openjdk-amd64/jre/lib/amd64/libjava.so
7f2152563000-7f2152573000 r-xp 00000000 08:06 2624241                    /usr/lib/jvm/java-8-openjdk-amd64/jre/lib/amd64/libverify.so
7f2152573000-7f2152772000 ---p 00010000 08:06 2624241                    /usr/lib/jvm/java-8-openjdk-amd64/jre/lib/amd64/libverify.so
7f2152772000-7f2152774000 r--p 0000f000 08:06 2624241                    /usr/lib/jvm/java-8-openjdk-amd64/jre/lib/amd64/libverify.so
7f2152774000-7f2152775000 rw-p 00011000 08:06 2624241                    /usr/lib/jvm/java-8-openjdk-amd64/jre/lib/amd64/libverify.so
7f2152775000-7f2152777000 r--p 00000000 08:06 920898                     /lib/x86_64-linux-gnu/librt-2.28.so
7f2152777000-7f215277b000 r-xp 00002000 08:06 920898                     /lib/x86_64-linux-gnu/librt-2.28.so
7f215277b000-7f215277d000 r--p 00006000 08:06 920898                     /lib/x86_64-linux-gnu/librt-2.28.so
7f215277d000-7f215277e000 r--p 00007000 08:06 920898                     /lib/x86_64-linux-gnu/librt-2.28.so
7f215277e000-7f215277f000 rw-p 00008000 08:06 920898                     /lib/x86_64-linux-gnu/librt-2.28.so
7f215277f000-7f2152780000 ---p 00000000 00:00 0 
7f2152780000-7f2152783000 ---p 00000000 00:00 0 
7f2152783000-7f2152880000 rw-p 00000000 00:00 0 
7f2152880000-7f2152897000 r-xp 00000000 08:06 919757                     /lib/x86_64-linux-gnu/libgcc_s.so.1
7f2152897000-7f2152a96000 ---p 00017000 08:06 919757                     /lib/x86_64-linux-gnu/libgcc_s.so.1
7f2152a96000-7f2152a97000 r--p 00016000 08:06 919757                     /lib/x86_64-linux-gnu/libgcc_s.so.1
7f2152a97000-7f2152a98000 rw-p 00017000 08:06 919757                     /lib/x86_64-linux-gnu/libgcc_s.so.1
7f2152a98000-7f2152aa5000 r--p 00000000 08:06 920531                     /lib/x86_64-linux-gnu/libm-2.28.so
7f2152aa5000-7f2152b50000 r-xp 0000d000 08:06 920531                     /lib/x86_64-linux-gnu/libm-2.28.so
7f2152b50000-7f2152c23000 r--p 000b8000 08:06 920531                     /lib/x86_64-linux-gnu/libm-2.28.so
7f2152c23000-7f2152c24000 r--p 0018a000 08:06 920531                     /lib/x86_64-linux-gnu/libm-2.28.so
7f2152c24000-7f2152c25000 rw-p 0018b000 08:06 920531                     /lib/x86_64-linux-gnu/libm-2.28.so
7f2152c25000-7f2152d9e000 r-xp 00000000 08:06 262253                     /usr/lib/x86_64-linux-gnu/libstdc++.so.6.0.25
7f2152d9e000-7f2152f9e000 ---p 00179000 08:06 262253                     /usr/lib/x86_64-linux-gnu/libstdc++.so.6.0.25
7f2152f9e000-7f2152fa8000 r--p 00179000 08:06 262253                     /usr/lib/x86_64-linux-gnu/libstdc++.so.6.0.25
7f2152fa8000-7f2152faa000 rw-p 00183000 08:06 262253                     /usr/lib/x86_64-linux-gnu/libstdc++.so.6.0.25
7f2152faa000-7f2152fae000 rw-p 00000000 00:00 0 
7f2152fae000-7f2153c43000 r-xp 00000000 08:06 2761118                    /usr/lib/jvm/java-8-openjdk-amd64/jre/lib/amd64/server/libjvm.so
7f2153c43000-7f2153e42000 ---p 00c95000 08:06 2761118                    /usr/lib/jvm/java-8-openjdk-amd64/jre/lib/amd64/server/libjvm.so
7f2153e42000-7f2153ed6000 r--p 00c94000 08:06 2761118                    /usr/lib/jvm/java-8-openjdk-amd64/jre/lib/amd64/server/libjvm.so
7f2153ed6000-7f2153efe000 rw-p 00d28000 08:06 2761118                    /usr/lib/jvm/java-8-openjdk-amd64/jre/lib/amd64/server/libjvm.so
7f2153efe000-7f2153f32000 rw-p 00000000 00:00 0 
7f2153f32000-7f2153f4e000 r-xp 00000000 08:06 922813                     /lib/x86_64-linux-gnu/libz.so.1.2.11
7f2153f4e000-7f215414d000 ---p 0001c000 08:06 922813                     /lib/x86_64-linux-gnu/libz.so.1.2.11
7f215414d000-7f215414e000 r--p 0001b000 08:06 922813                     /lib/x86_64-linux-gnu/libz.so.1.2.11
7f215414e000-7f215414f000 rw-p 0001c000 08:06 922813                     /lib/x86_64-linux-gnu/libz.so.1.2.11
7f215414f000-7f2154151000 rw-p 00000000 00:00 0 
7f2154151000-7f2154157000 r--p 00000000 08:06 920896                     /lib/x86_64-linux-gnu/libpthread-2.28.so
7f2154157000-7f2154166000 r-xp 00006000 08:06 920896                     /lib/x86_64-linux-gnu/libpthread-2.28.so
7f2154166000-7f215416c000 r--p 00015000 08:06 920896                     /lib/x86_64-linux-gnu/libpthread-2.28.so
7f215416c000-7f215416d000 r--p 0001a000 08:06 920896                     /lib/x86_64-linux-gnu/libpthread-2.28.so
7f215416d000-7f215416e000 rw-p 0001b000 08:06 920896                     /lib/x86_64-linux-gnu/libpthread-2.28.so
7f215416e000-7f2154172000 rw-p 00000000 00:00 0 
7f2154172000-7f2154173000 r--p 00000000 08:06 920530                     /lib/x86_64-linux-gnu/libdl-2.28.so
7f2154173000-7f2154175000 r-xp 00001000 08:06 920530                     /lib/x86_64-linux-gnu/libdl-2.28.so
7f2154175000-7f2154176000 r--p 00003000 08:06 920530                     /lib/x86_64-linux-gnu/libdl-2.28.so
7f2154176000-7f2154177000 r--p 00003000 08:06 920530                     /lib/x86_64-linux-gnu/libdl-2.28.so
7f2154177000-7f2154178000 rw-p 00004000 08:06 920530                     /lib/x86_64-linux-gnu/libdl-2.28.so
7f2154178000-7f215419a000 r--p 00000000 08:06 920523                     /lib/x86_64-linux-gnu/libc-2.28.so
7f215419a000-7f215430b000 r-xp 00022000 08:06 920523                     /lib/x86_64-linux-gnu/libc-2.28.so
7f215430b000-7f2154357000 r--p 00193000 08:06 920523                     /lib/x86_64-linux-gnu/libc-2.28.so
7f2154357000-7f2154358000 ---p 001df000 08:06 920523                     /lib/x86_64-linux-gnu/libc-2.28.so
7f2154358000-7f215435c000 r--p 001df000 08:06 920523                     /lib/x86_64-linux-gnu/libc-2.28.so
7f215435c000-7f215435e000 rw-p 001e3000 08:06 920523                     /lib/x86_64-linux-gnu/libc-2.28.so
7f215435e000-7f2154362000 rw-p 00000000 00:00 0 
7f2154362000-7f2154370000 r-xp 00000000 08:06 2761115                    /usr/lib/jvm/java-8-openjdk-amd64/jre/lib/amd64/jli/libjli.so
7f2154370000-7f215456f000 ---p 0000e000 08:06 2761115                    /usr/lib/jvm/java-8-openjdk-amd64/jre/lib/amd64/jli/libjli.so
7f215456f000-7f2154570000 r--p 0000d000 08:06 2761115                    /usr/lib/jvm/java-8-openjdk-amd64/jre/lib/amd64/jli/libjli.so
7f2154570000-7f2154571000 rw-p 0000e000 08:06 2761115                    /usr/lib/jvm/java-8-openjdk-amd64/jre/lib/amd64/jli/libjli.so
7f2154571000-7f2154577000 r-xp 00000000 08:06 262170                     /usr/lib/x86_64-linux-gnu/libgtk3-nocsd.so.0
7f2154577000-7f2154776000 ---p 00006000 08:06 262170                     /usr/lib/x86_64-linux-gnu/libgtk3-nocsd.so.0
7f2154776000-7f2154777000 r--p 00005000 08:06 262170                     /usr/lib/x86_64-linux-gnu/libgtk3-nocsd.so.0
7f2154777000-7f2154778000 rw-p 00006000 08:06 262170                     /usr/lib/x86_64-linux-gnu/libgtk3-nocsd.so.0
7f2154778000-7f215477a000 r--s 00001000 08:06 2625500                    /home/ycj/文档/idea-IU-182.3684.101/lib/rt/debugger-agent-storage.jar
7f215477a000-7f215477c000 r--p 00000000 08:06 920892                     /lib/x86_64-linux-gnu/libnss_nis-2.28.so
7f215477c000-7f2154784000 r-xp 00002000 08:06 920892                     /lib/x86_64-linux-gnu/libnss_nis-2.28.so
7f2154784000-7f2154786000 r--p 0000a000 08:06 920892                     /lib/x86_64-linux-gnu/libnss_nis-2.28.so
7f2154786000-7f2154787000 r--p 0000b000 08:06 920892                     /lib/x86_64-linux-gnu/libnss_nis-2.28.so
7f2154787000-7f2154788000 rw-p 0000c000 08:06 920892                     /lib/x86_64-linux-gnu/libnss_nis-2.28.so
7f2154788000-7f215478a000 r--p 00000000 08:06 920698                     /lib/x86_64-linux-gnu/libnss_compat-2.28.so
7f215478a000-7f2154790000 r-xp 00002000 08:06 920698                     /lib/x86_64-linux-gnu/libnss_compat-2.28.so
7f2154790000-7f2154791000 r--p 00008000 08:06 920698                     /lib/x86_64-linux-gnu/libnss_compat-2.28.so
7f2154791000-7f2154792000 r--p 00008000 08:06 920698                     /lib/x86_64-linux-gnu/libnss_compat-2.28.so
7f2154792000-7f2154793000 rw-p 00009000 08:06 920698                     /lib/x86_64-linux-gnu/libnss_compat-2.28.so
7f2154793000-7f2154794000 rw-p 00000000 00:00 0 
7f2154794000-7f2154795000 r--p 00000000 00:00 0 
7f2154795000-7f2154797000 rw-p 00000000 00:00 0 
7f2154797000-7f2154798000 r--p 00000000 08:06 920495                     /lib/x86_64-linux-gnu/ld-2.28.so
7f2154798000-7f21547b8000 r-xp 00001000 08:06 920495                     /lib/x86_64-linux-gnu/ld-2.28.so
7f21547b8000-7f21547c0000 r--p 00021000 08:06 920495                     /lib/x86_64-linux-gnu/ld-2.28.so
7f21547c0000-7f21547c1000 r--p 00028000 08:06 920495                     /lib/x86_64-linux-gnu/ld-2.28.so
7f21547c1000-7f21547c2000 rw-p 00029000 08:06 920495                     /lib/x86_64-linux-gnu/ld-2.28.so
7f21547c2000-7f21547c3000 rw-p 00000000 00:00 0 
7ffda78d7000-7ffda78fa000 rw-p 00000000 00:00 0                          [stack]
7ffda7931000-7ffda7934000 r--p 00000000 00:00 0                          [vvar]
7ffda7934000-7ffda7936000 r-xp 00000000 00:00 0                          [vdso]
ffffffffff600000-ffffffffff601000 r-xp 00000000 00:00 0                  [vsyscall]

VM Arguments:
jvm_args: -agentlib:jdwp=transport=dt_socket,address=127.0.0.1:35575,suspend=y,server=n -javaagent:/home/ycj/文档/idea-IU-182.3684.101/lib/rt/debugger-agent.jar=file:/tmp/capture.props -Dfile.encoding=UTF-8 
java_command: com.ycj.bee.http.HttpHelper
java_class_path (initial): /usr/lib/jvm/java-1.8.0-openjdk-amd64/jre/lib/charsets.jar:/usr/lib/jvm/java-1.8.0-openjdk-amd64/jre/lib/ext/cldrdata.jar:/usr/lib/jvm/java-1.8.0-openjdk-amd64/jre/lib/ext/dnsns.jar:/usr/lib/jvm/java-1.8.0-openjdk-amd64/jre/lib/ext/icedtea-sound.jar:/usr/lib/jvm/java-1.8.0-openjdk-amd64/jre/lib/ext/jaccess.jar:/usr/lib/jvm/java-1.8.0-openjdk-amd64/jre/lib/ext/java-atk-wrapper.jar:/usr/lib/jvm/java-1.8.0-openjdk-amd64/jre/lib/ext/localedata.jar:/usr/lib/jvm/java-1.8.0-openjdk-amd64/jre/lib/ext/nashorn.jar:/usr/lib/jvm/java-1.8.0-openjdk-amd64/jre/lib/ext/sunec.jar:/usr/lib/jvm/java-1.8.0-openjdk-amd64/jre/lib/ext/sunjce_provider.jar:/usr/lib/jvm/java-1.8.0-openjdk-amd64/jre/lib/ext/sunpkcs11.jar:/usr/lib/jvm/java-1.8.0-openjdk-amd64/jre/lib/ext/zipfs.jar:/usr/lib/jvm/java-1.8.0-openjdk-amd64/jre/lib/jce.jar:/usr/lib/jvm/java-1.8.0-openjdk-amd64/jre/lib/jsse.jar:/usr/lib/jvm/java-1.8.0-openjdk-amd64/jre/lib/management-agent.jar:/usr/lib/jvm/java-1.8.0-openjdk-amd64/jre/lib/resources.jar:/usr/lib/jvm/java-1.8.0-openjdk-amd64/jre/lib/rt.jar:/home/ycj/IdeaProjects/bee/target/classes:/home/ycj/.m2/repository/org/springframework/boot/spring-boot-starter-web/2.0.6.RELEASE/spring-boot-starter-web-2.0.6.RELEASE.jar:/home/ycj/.m2/repository/org/springframework/boot/spring-boot-starter/2.0.6.RELEASE/spring-boot-starter-2.0.6.RELEASE.jar:/home/ycj/.m2/repository/org/springframework/boot/spring-boot-starter-logging/2.0.6.RELEASE/spring-boot-starter-logging-2.0.6.RELEASE.jar:/home/ycj/.m2/repository/org/apache/logging/log4j/log4j-to-slf4j/2.10.0/log4j-to-slf4j-2.10.0.jar:/home/ycj/.m2/repository/org/apache/logging/log4j/log4j-api/2.10.0/log4j-api-2.10.0.jar:/home/ycj/.m2/repository/javax/annotation/javax.annotation-api/1.3.2/javax.annotation-api-1.3.2.jar:/home/ycj/.m2/repository/org/yaml/snakeyaml/1.19/snakeyaml-1.19.jar:/home/ycj/.m2/repository/org/springframework/boot/spring-boot-starter-json/2.0.6.RELEASE/spring-boot-starter-json-2.0.6.RELEASE.jar:
Launcher Type: SUN_STANDARD

Environment Variables:
PATH=/home/ycj/文档/predictionio_softs/PredictionIO-0.12.1/bin:/usr/lib/java/jdk1.8.0_171/bin:/home/ycj/bin:/home/ycj/.local/bin:/usr/local/sbin:/usr/local/bin:/usr/sbin:/usr/bin:/sbin:/bin:/usr/games:/usr/local/games:/snap/bin:/usr/local/go/bin:/home/ycj/goProjects/bin
LD_PRELOAD=libgtk3-nocsd.so.0
SHELL=/bin/bash
DISPLAY=:0

Signal Handlers:
SIGSEGV: [libjvm.so+0xaaf3a0], sa_mask[0]=11111111011111111101111111111110, sa_flags=SA_RESTART|SA_SIGINFO
SIGBUS: [libjvm.so+0xaaf3a0], sa_mask[0]=11111111011111111101111111111110, sa_flags=SA_RESTART|SA_SIGINFO
SIGFPE: [libjvm.so+0x8e52e0], sa_mask[0]=11111111011111111101111111111110, sa_flags=SA_RESTART|SA_SIGINFO
SIGPIPE: [libjvm.so+0x8e52e0], sa_mask[0]=11111111011111111101111111111110, sa_flags=SA_RESTART|SA_SIGINFO
SIGXFSZ: [libjvm.so+0x8e52e0], sa_mask[0]=11111111011111111101111111111110, sa_flags=SA_RESTART|SA_SIGINFO
SIGILL: [libjvm.so+0x8e52e0], sa_mask[0]=11111111011111111101111111111110, sa_flags=SA_RESTART|SA_SIGINFO
SIGUSR1: SIG_DFL, sa_mask[0]=00000000000000000000000000000000, sa_flags=none
SIGUSR2: [libjvm.so+0x8e5190], sa_mask[0]=00100000000000000000000000000000, sa_flags=SA_RESTART|SA_SIGINFO
SIGHUP: [libjvm.so+0x8e5640], sa_mask[0]=11111111011111111101111111111110, sa_flags=SA_RESTART|SA_SIGINFO
SIGINT: [libjvm.so+0x8e5640], sa_mask[0]=11111111011111111101111111111110, sa_flags=SA_RESTART|SA_SIGINFO
SIGTERM: [libjvm.so+0x8e5640], sa_mask[0]=11111111011111111101111111111110, sa_flags=SA_RESTART|SA_SIGINFO
SIGQUIT: [libjvm.so+0x8e5640], sa_mask[0]=11111111011111111101111111111110, sa_flags=SA_RESTART|SA_SIGINFO


---------------  S Y S T E M  ---------------

OS:DISTRIB_ID=Ubuntu
DISTRIB_RELEASE=18.04
DISTRIB_CODENAME=bionic
DISTRIB_DESCRIPTION="Ubuntu 18.04.1 LTS"

uname:Linux 4.15.0-36-generic #39-Ubuntu SMP Mon Sep 24 16:19:09 UTC 2018 x86_64
libc:glibc 2.28 NPTL 2.28 
rlimit: STACK 8192k, CORE 0k, NPROC 23342, NOFILE 1048576, AS infinity
load average:5.04 3.15 2.83

/proc/meminfo:
MemTotal:        6045772 kB
MemFree:          308640 kB
MemAvailable:    2119240 kB
Buffers:          160216 kB
Cached:          1974456 kB
SwapCached:          976 kB
Active:          4096224 kB
Inactive:        1274740 kB
Active(anon):    3006072 kB
Inactive(anon):   407180 kB
Active(file):    1090152 kB
Inactive(file):   867560 kB
Unevictable:          96 kB
Mlocked:              96 kB
SwapTotal:      58592252 kB
SwapFree:       58586864 kB
Dirty:             49428 kB
Writeback:             0 kB
AnonPages:       3235808 kB
Mapped:           681300 kB
Shmem:            176960 kB
Slab:             213308 kB
SReclaimable:     131388 kB
SUnreclaim:        81920 kB
KernelStack:       12448 kB
PageTables:        43748 kB
NFS_Unstable:          0 kB
Bounce:                0 kB
WritebackTmp:          0 kB
CommitLimit:    61615136 kB
Committed_AS:    8639344 kB
VmallocTotal:   34359738367 kB
VmallocUsed:           0 kB
VmallocChunk:          0 kB
HardwareCorrupted:     0 kB
AnonHugePages:         0 kB
ShmemHugePages:        0 kB
ShmemPmdMapped:        0 kB
CmaTotal:              0 kB
CmaFree:               0 kB
HugePages_Total:       0
HugePages_Free:        0
HugePages_Rsvd:        0
HugePages_Surp:        0
Hugepagesize:       2048 kB
DirectMap4k:      231680 kB
DirectMap2M:     6002688 kB


CPU:total 4 (initial active 4) (2 cores per cpu, 2 threads per core) family 6 model 42 stepping 7, cmov, cx8, fxsr, mmx, sse, sse2, sse3, ssse3, sse4.1, sse4.2, popcnt, avx, clmul, ht, tsc, tscinvbit

/proc/cpuinfo:
processor	: 0
vendor_id	: GenuineIntel
cpu family	: 6
model		: 42
model name	: Intel(R) Core(TM) i3-2330M CPU @ 2.20GHz
stepping	: 7
microcode	: 0x2e
cpu MHz		: 2195.077
cache size	: 3072 KB
physical id	: 0
siblings	: 4
core id		: 0
cpu cores	: 2
apicid		: 0
initial apicid	: 0
fpu		: yes
fpu_exception	: yes
cpuid level	: 13
wp		: yes
flags		: fpu vme de pse tsc msr pae mce cx8 apic sep mtrr pge mca cmov pat pse36 clflush dts acpi mmx fxsr sse sse2 ss ht tm pbe syscall nx rdtscp lm constant_tsc arch_perfmon pebs bts rep_good nopl xtopology nonstop_tsc cpuid aperfmperf pni pclmulqdq dtes64 monitor ds_cpl vmx est tm2 ssse3 cx16 xtpr pdcm pcid sse4_1 sse4_2 x2apic popcnt tsc_deadline_timer xsave avx lahf_lm epb pti ssbd ibrs ibpb stibp tpr_shadow vnmi flexpriority ept vpid xsaveopt dtherm arat pln pts flush_l1d
bugs		: cpu_meltdown spectre_v1 spectre_v2 spec_store_bypass l1tf
bogomips	: 4390.15
clflush size	: 64
cache_alignment	: 64
address sizes	: 36 bits physical, 48 bits virtual
power management:

processor	: 1
vendor_id	: GenuineIntel
cpu family	: 6
model		: 42
model name	: Intel(R) Core(TM) i3-2330M CPU @ 2.20GHz
stepping	: 7
microcode	: 0x2e
cpu MHz		: 2195.074
cache size	: 3072 KB
physical id	: 0
siblings	: 4
core id		: 0
cpu cores	: 2
apicid		: 1
initial apicid	: 1
fpu		: yes
fpu_exception	: yes
cpuid level	: 13
wp		: yes
flags		: fpu vme de pse tsc msr pae mce cx8 apic sep mtrr pge mca cmov pat pse36 clflush dts acpi mmx fxsr sse sse2 ss ht tm pbe syscall nx rdtscp lm constant_tsc arch_perfmon pebs bts rep_good nopl xtopology nonstop_tsc cpuid aperfmperf pni pclmulqdq dtes64 monitor ds_cpl vmx est tm2 ssse3 cx16 xtpr pdcm pcid sse4_1 sse4_2 x2apic popcnt tsc_deadline_timer xsave avx lahf_lm epb pti ssbd ibrs ibpb stibp tpr_shadow vnmi flexpriority ept vpid xsaveopt dtherm arat pln pts flush_l1d
bugs		: cpu_meltdown spectre_v1 spectre_v2 spec_store_bypass l1tf
bogomips	: 4390.15
clflush size	: 64
cache_alignment	: 64
address sizes	: 36 bits physical, 48 bits virtual
power management:

processor	: 2
vendor_id	: GenuineIntel
cpu family	: 6
model		: 42
model name	: Intel(R) Core(TM) i3-2330M CPU @ 2.20GHz
stepping	: 7
microcode	: 0x2e
cpu MHz		: 2195.076
cache size	: 3072 KB
physical id	: 0
siblings	: 4
core id		: 1
cpu cores	: 2
apicid		: 2
initial apicid	: 2
fpu		: yes
fpu_exception	: yes
cpuid level	: 13
wp		: yes
flags		: fpu vme de pse tsc msr pae mce cx8 apic sep mtrr pge mca cmov pat pse36 clflush dts acpi mmx fxsr sse sse2 ss ht tm pbe syscall nx rdtscp lm constant_tsc arch_perfmon pebs bts rep_good nopl xtopology nonstop_tsc cpuid aperfmperf pni pclmulqdq dtes64 monitor ds_cpl vmx est tm2 ssse3 cx16 xtpr pdcm pcid sse4_1 sse4_2 x2apic popcnt tsc_deadline_timer xsave avx lahf_lm epb pti ssbd ibrs ibpb stibp tpr_shadow vnmi flexpriority ept vpid xsaveopt dtherm arat pln pts flush_l1d
bugs		: cpu_meltdown spectre_v1 spectre_v2 spec_store_bypass l1tf
bogomips	: 4390.15
clflush size	: 64
cache_alignment	: 64
address sizes	: 36 bits physical, 48 bits virtual
power management:

processor	: 3
vendor_id	: GenuineIntel
cpu family	: 6
model		: 42
model name	: Intel(R) Core(TM) i3-2330M CPU @ 2.20GHz
stepping	: 7
microcode	: 0x2e
cpu MHz		: 2195.076
cache size	: 3072 KB
physical id	: 0
siblings	: 4
core id		: 1
cpu cores	: 2
apicid		: 3
initial apicid	: 3
fpu		: yes
fpu_exception	: yes
cpuid level	: 13
wp		: yes
flags		: fpu vme de pse tsc msr pae mce cx8 apic sep mtrr pge mca cmov pat pse36 clflush dts acpi mmx fxsr sse sse2 ss ht tm pbe syscall nx rdtscp lm constant_tsc arch_perfmon pebs bts rep_good nopl xtopology nonstop_tsc cpuid aperfmperf pni pclmulqdq dtes64 monitor ds_cpl vmx est tm2 ssse3 cx16 xtpr pdcm pcid sse4_1 sse4_2 x2apic popcnt tsc_deadline_timer xsave avx lahf_lm epb pti ssbd ibrs ibpb stibp tpr_shadow vnmi flexpriority ept vpid xsaveopt dtherm arat pln pts flush_l1d
bugs		: cpu_meltdown spectre_v1 spectre_v2 spec_store_bypass l1tf
bogomips	: 4390.15
clflush size	: 64
cache_alignment	: 64
address sizes	: 36 bits physical, 48 bits virtual
power management:



Memory: 4k page, physical 6045772k(308640k free), swap 58592252k(58586864k free)

vm_info: OpenJDK 64-Bit Server VM (25.181-b13) for linux-amd64 JRE (1.8.0_181-8u181-b13-0ubuntu0.18.04.1-b13), built on Jul 23 2018 19:14:48 by "buildd" with gcc 7.3.0

time: Sun Oct 21 14:52:15 2018
elapsed time: 3 seconds (0d 0h 0m 3s)

